This file contains any messages produced by compilers while
running configure, to aid debugging if configure makes a mistake.

It was created by my_work configure 1.0, which was
generated by GNU Autoconf 2.69.  Invocation command line was

  $ ./configure --host=arm-none-linux-gnueabi host_alias=arm-none-linux-gnueabi CC=arm-none-linux-gnueabi-gcc CXX=arm-none-linux-gnueabi-g++ --no-create --no-recursion

## --------- ##
## Platform. ##
## --------- ##

hostname = master
uname -m = i686
uname -r = 2.6.32-37-generic
uname -s = Linux
uname -v = #81-Ubuntu SMP Fri Dec 2 20:35:14 UTC 2011

/usr/bin/uname -p = unknown
/bin/uname -X     = unknown

/bin/arch              = unknown
/usr/bin/arch -k       = unknown
/usr/convex/getsysinfo = unknown
/usr/bin/hostinfo      = unknown
/bin/machine           = unknown
/usr/bin/oslevel       = unknown
/bin/universe          = unknown

PATH: /usr/local/sbin
PATH: /usr/local/bin
PATH: /usr/sbin
PATH: /usr/bin
PATH: /sbin
PATH: /bin
PATH: /usr/games
PATH: /opt/mpi/bin
PATH: /usr/bin
PATH: /opt/jdk1.7.0_17/bin
PATH: /opt/jdk1.7.0_17/jre/bin
PATH: /usr/local/apache-ant-1.8.4/bin
PATH: /usr/local/apache-maven-3.0.4/bin
PATH: /bin
PATH: /opt/beagleboard/CodeSourcery/Sourcery_G++_Lite/bin
PATH: /home/hadoop/hadoop-1.0.4/bin


## ----------- ##
## Core tests. ##
## ----------- ##

configure:2217: checking for a BSD-compatible install
configure:2285: result: /usr/bin/install -c
configure:2296: checking whether build environment is sane
configure:2351: result: yes
configure:2410: checking for arm-none-linux-gnueabi-strip
configure:2426: found /opt/beagleboard/CodeSourcery/Sourcery_G++_Lite/bin/arm-none-linux-gnueabi-strip
configure:2437: result: arm-none-linux-gnueabi-strip
configure:2502: checking for a thread-safe mkdir -p
configure:2541: result: /bin/mkdir -p
configure:2548: checking for gawk
configure:2564: found /usr/bin/gawk
configure:2575: result: gawk
configure:2586: checking whether make sets $(MAKE)
configure:2608: result: yes
configure:2699: checking for arm-none-linux-gnueabi-gcc
configure:2726: result: arm-none-linux-gnueabi-gcc
configure:2995: checking for C compiler version
configure:3004: arm-none-linux-gnueabi-gcc --version >&5
arm-none-linux-gnueabi-gcc (Sourcery G++ Lite 2009q1-203) 4.3.3
Copyright (C) 2008 Free Software Foundation, Inc.
This is free software; see the source for copying conditions.  There is NO
warranty; not even for MERCHANTABILITY or FITNESS FOR A PARTICULAR PURPOSE.

configure:3015: $? = 0
configure:3004: arm-none-linux-gnueabi-gcc -v >&5
Using built-in specs.
Target: arm-none-linux-gnueabi
Configured with: /scratch/mitchell/builds/4.3-arm-none-linux-gnueabi-respin/src/gcc-4.3/configure --build=i686-pc-linux-gnu --host=i686-pc-linux-gnu --target=arm-none-linux-gnueabi --enable-threads --disable-libmudflap --disable-libssp --disable-libstdcxx-pch --with-gnu-as --with-gnu-ld --with-specs='%{funwind-tables|fno-unwind-tables|mabi=*|ffreestanding|nostdlib:;:-funwind-tables}' --enable-languages=c,c++ --enable-shared --enable-symvers=gnu --enable-__cxa_atexit --with-pkgversion='Sourcery G++ Lite 2009q1-203' --with-bugurl=https://support.codesourcery.com/GNUToolchain/ --disable-nls --prefix=/opt/codesourcery --with-sysroot=/opt/codesourcery/arm-none-linux-gnueabi/libc --with-build-sysroot=/scratch/mitchell/builds/4.3-arm-none-linux-gnueabi-respin/lite/install/arm-none-linux-gnueabi/libc --with-gmp=/scratch/mitchell/builds/4.3-arm-none-linux-gnueabi-respin/lite/obj/host-libs-2009q1-203-arm-none-linux-gnueabi-i686-pc-linux-gnu/usr --with-mpfr=/scratch/mitchell/builds/4.3-arm-none-linux-gnueabi-respin/lite/obj/host-libs-2009q1-203-arm-none-linux-gnueabi-i686-pc-linux-gnu/usr --disable-libgomp --enable-poison-system-directories --with-build-time-tools=/scratch/mitchell/builds/4.3-arm-none-linux-gnueabi-respin/lite/install/arm-none-linux-gnueabi/bin --with-build-time-tools=/scratch/mitchell/builds/4.3-arm-none-linux-gnueabi-respin/lite/install/arm-none-linux-gnueabi/bin
Thread model: posix
gcc version 4.3.3 (Sourcery G++ Lite 2009q1-203) 
configure:3015: $? = 0
configure:3004: arm-none-linux-gnueabi-gcc -V >&5
arm-none-linux-gnueabi-gcc: '-V' option must have argument
configure:3015: $? = 1
configure:3004: arm-none-linux-gnueabi-gcc -qversion >&5
arm-none-linux-gnueabi-gcc: unrecognized option '-qversion'
arm-none-linux-gnueabi-gcc: no input files
configure:3015: $? = 1
configure:3035: checking whether the C compiler works
configure:3057: arm-none-linux-gnueabi-gcc    conftest.c  >&5
configure:3061: $? = 0
configure:3109: result: yes
configure:3112: checking for C compiler default output file name
configure:3114: result: a.out
configure:3120: checking for suffix of executables
configure:3127: arm-none-linux-gnueabi-gcc -o conftest    conftest.c  >&5
configure:3131: $? = 0
configure:3153: result: 
configure:3175: checking whether we are cross compiling
configure:3183: arm-none-linux-gnueabi-gcc -o conftest    conftest.c  >&5
configure:3187: $? = 0
configure:3194: ./conftest
./configure: line 3196: ./conftest: cannot execute binary file
configure:3198: $? = 126
configure:3213: result: yes
configure:3218: checking for suffix of object files
configure:3240: arm-none-linux-gnueabi-gcc -c   conftest.c >&5
configure:3244: $? = 0
configure:3265: result: o
configure:3269: checking whether we are using the GNU C compiler
configure:3288: arm-none-linux-gnueabi-gcc -c   conftest.c >&5
configure:3288: $? = 0
configure:3297: result: yes
configure:3306: checking whether arm-none-linux-gnueabi-gcc accepts -g
configure:3326: arm-none-linux-gnueabi-gcc -c -g  conftest.c >&5
configure:3326: $? = 0
configure:3367: result: yes
configure:3384: checking for arm-none-linux-gnueabi-gcc option to accept ISO C89
configure:3447: arm-none-linux-gnueabi-gcc  -c -g -O2  conftest.c >&5
configure:3447: $? = 0
configure:3460: result: none needed
configure:3491: checking for style of include used by make
configure:3519: result: GNU
configure:3545: checking dependency style of arm-none-linux-gnueabi-gcc
configure:3656: result: gcc3
configure:3783: checking for C++ compiler version
configure:3792: arm-none-linux-gnueabi-g++ --version >&5
arm-none-linux-gnueabi-g++ (Sourcery G++ Lite 2009q1-203) 4.3.3
Copyright (C) 2008 Free Software Foundation, Inc.
This is free software; see the source for copying conditions.  There is NO
warranty; not even for MERCHANTABILITY or FITNESS FOR A PARTICULAR PURPOSE.

configure:3803: $? = 0
configure:3792: arm-none-linux-gnueabi-g++ -v >&5
Using built-in specs.
Target: arm-none-linux-gnueabi
Configured with: /scratch/mitchell/builds/4.3-arm-none-linux-gnueabi-respin/src/gcc-4.3/configure --build=i686-pc-linux-gnu --host=i686-pc-linux-gnu --target=arm-none-linux-gnueabi --enable-threads --disable-libmudflap --disable-libssp --disable-libstdcxx-pch --with-gnu-as --with-gnu-ld --with-specs='%{funwind-tables|fno-unwind-tables|mabi=*|ffreestanding|nostdlib:;:-funwind-tables}' --enable-languages=c,c++ --enable-shared --enable-symvers=gnu --enable-__cxa_atexit --with-pkgversion='Sourcery G++ Lite 2009q1-203' --with-bugurl=https://support.codesourcery.com/GNUToolchain/ --disable-nls --prefix=/opt/codesourcery --with-sysroot=/opt/codesourcery/arm-none-linux-gnueabi/libc --with-build-sysroot=/scratch/mitchell/builds/4.3-arm-none-linux-gnueabi-respin/lite/install/arm-none-linux-gnueabi/libc --with-gmp=/scratch/mitchell/builds/4.3-arm-none-linux-gnueabi-respin/lite/obj/host-libs-2009q1-203-arm-none-linux-gnueabi-i686-pc-linux-gnu/usr --with-mpfr=/scratch/mitchell/builds/4.3-arm-none-linux-gnueabi-respin/lite/obj/host-libs-2009q1-203-arm-none-linux-gnueabi-i686-pc-linux-gnu/usr --disable-libgomp --enable-poison-system-directories --with-build-time-tools=/scratch/mitchell/builds/4.3-arm-none-linux-gnueabi-respin/lite/install/arm-none-linux-gnueabi/bin --with-build-time-tools=/scratch/mitchell/builds/4.3-arm-none-linux-gnueabi-respin/lite/install/arm-none-linux-gnueabi/bin
Thread model: posix
gcc version 4.3.3 (Sourcery G++ Lite 2009q1-203) 
configure:3803: $? = 0
configure:3792: arm-none-linux-gnueabi-g++ -V >&5
arm-none-linux-gnueabi-g++: '-V' option must have argument
configure:3803: $? = 1
configure:3792: arm-none-linux-gnueabi-g++ -qversion >&5
arm-none-linux-gnueabi-g++: unrecognized option '-qversion'
arm-none-linux-gnueabi-g++: no input files
configure:3803: $? = 1
configure:3807: checking whether we are using the GNU C++ compiler
configure:3826: arm-none-linux-gnueabi-g++ -c   conftest.cpp >&5
configure:3826: $? = 0
configure:3835: result: yes
configure:3844: checking whether arm-none-linux-gnueabi-g++ accepts -g
configure:3864: arm-none-linux-gnueabi-g++ -c -g  conftest.cpp >&5
configure:3864: $? = 0
configure:3905: result: yes
configure:3930: checking dependency style of arm-none-linux-gnueabi-g++
configure:4041: result: gcc3
configure:4059: checking for main in -lpthread
configure:4078: arm-none-linux-gnueabi-gcc -o conftest -g -O2   conftest.c -lpthread   >&5
configure:4078: $? = 0
configure:4087: result: yes
configure:4104: checking how to run the C preprocessor
configure:4135: arm-none-linux-gnueabi-gcc -E  conftest.c
configure:4135: $? = 0
configure:4149: arm-none-linux-gnueabi-gcc -E  conftest.c
conftest.c:10:28: error: ac_nonexistent.h: No such file or directory
configure:4149: $? = 1
configure: failed program was:
| /* confdefs.h */
| #define PACKAGE_NAME "my_work"
| #define PACKAGE_TARNAME "my_work"
| #define PACKAGE_VERSION "1.0"
| #define PACKAGE_STRING "my_work 1.0"
| #define PACKAGE_BUGREPORT "kuangrenyx@qq.com"
| #define PACKAGE_URL ""
| #define HAVE_LIBPTHREAD 1
| /* end confdefs.h.  */
| #include <ac_nonexistent.h>
configure:4174: result: arm-none-linux-gnueabi-gcc -E
configure:4194: arm-none-linux-gnueabi-gcc -E  conftest.c
configure:4194: $? = 0
configure:4208: arm-none-linux-gnueabi-gcc -E  conftest.c
conftest.c:10:28: error: ac_nonexistent.h: No such file or directory
configure:4208: $? = 1
configure: failed program was:
| /* confdefs.h */
| #define PACKAGE_NAME "my_work"
| #define PACKAGE_TARNAME "my_work"
| #define PACKAGE_VERSION "1.0"
| #define PACKAGE_STRING "my_work 1.0"
| #define PACKAGE_BUGREPORT "kuangrenyx@qq.com"
| #define PACKAGE_URL ""
| #define HAVE_LIBPTHREAD 1
| /* end confdefs.h.  */
| #include <ac_nonexistent.h>
configure:4237: checking for grep that handles long lines and -e
configure:4295: result: /bin/grep
configure:4300: checking for egrep
configure:4362: result: /bin/grep -E
configure:4367: checking for ANSI C header files
configure:4387: arm-none-linux-gnueabi-gcc -c -g -O2  conftest.c >&5
configure:4387: $? = 0
configure:4471: result: yes
configure:4484: checking for sys/types.h
configure:4484: arm-none-linux-gnueabi-gcc -c -g -O2  conftest.c >&5
configure:4484: $? = 0
configure:4484: result: yes
configure:4484: checking for sys/stat.h
configure:4484: arm-none-linux-gnueabi-gcc -c -g -O2  conftest.c >&5
configure:4484: $? = 0
configure:4484: result: yes
configure:4484: checking for stdlib.h
configure:4484: arm-none-linux-gnueabi-gcc -c -g -O2  conftest.c >&5
configure:4484: $? = 0
configure:4484: result: yes
configure:4484: checking for string.h
configure:4484: arm-none-linux-gnueabi-gcc -c -g -O2  conftest.c >&5
configure:4484: $? = 0
configure:4484: result: yes
configure:4484: checking for memory.h
configure:4484: arm-none-linux-gnueabi-gcc -c -g -O2  conftest.c >&5
configure:4484: $? = 0
configure:4484: result: yes
configure:4484: checking for strings.h
configure:4484: arm-none-linux-gnueabi-gcc -c -g -O2  conftest.c >&5
configure:4484: $? = 0
configure:4484: result: yes
configure:4484: checking for inttypes.h
configure:4484: arm-none-linux-gnueabi-gcc -c -g -O2  conftest.c >&5
configure:4484: $? = 0
configure:4484: result: yes
configure:4484: checking for stdint.h
configure:4484: arm-none-linux-gnueabi-gcc -c -g -O2  conftest.c >&5
configure:4484: $? = 0
configure:4484: result: yes
configure:4484: checking for unistd.h
configure:4484: arm-none-linux-gnueabi-gcc -c -g -O2  conftest.c >&5
configure:4484: $? = 0
configure:4484: result: yes
configure:4496: checking for stdbool.h that conforms to C99
configure:4563: arm-none-linux-gnueabi-gcc -c -g -O2  conftest.c >&5
configure:4563: $? = 0
configure:4570: result: yes
configure:4572: checking for _Bool
configure:4572: arm-none-linux-gnueabi-gcc -c -g -O2  conftest.c >&5
configure:4572: $? = 0
configure:4572: arm-none-linux-gnueabi-gcc -c -g -O2  conftest.c >&5
conftest.c: In function 'main':
conftest.c:56: error: expected expression before ')' token
configure:4572: $? = 1
configure: failed program was:
| /* confdefs.h */
| #define PACKAGE_NAME "my_work"
| #define PACKAGE_TARNAME "my_work"
| #define PACKAGE_VERSION "1.0"
| #define PACKAGE_STRING "my_work 1.0"
| #define PACKAGE_BUGREPORT "kuangrenyx@qq.com"
| #define PACKAGE_URL ""
| #define HAVE_LIBPTHREAD 1
| #define STDC_HEADERS 1
| #define HAVE_SYS_TYPES_H 1
| #define HAVE_SYS_STAT_H 1
| #define HAVE_STDLIB_H 1
| #define HAVE_STRING_H 1
| #define HAVE_MEMORY_H 1
| #define HAVE_STRINGS_H 1
| #define HAVE_INTTYPES_H 1
| #define HAVE_STDINT_H 1
| #define HAVE_UNISTD_H 1
| /* end confdefs.h.  */
| #include <stdio.h>
| #ifdef HAVE_SYS_TYPES_H
| # include <sys/types.h>
| #endif
| #ifdef HAVE_SYS_STAT_H
| # include <sys/stat.h>
| #endif
| #ifdef STDC_HEADERS
| # include <stdlib.h>
| # include <stddef.h>
| #else
| # ifdef HAVE_STDLIB_H
| #  include <stdlib.h>
| # endif
| #endif
| #ifdef HAVE_STRING_H
| # if !defined STDC_HEADERS && defined HAVE_MEMORY_H
| #  include <memory.h>
| # endif
| # include <string.h>
| #endif
| #ifdef HAVE_STRINGS_H
| # include <strings.h>
| #endif
| #ifdef HAVE_INTTYPES_H
| # include <inttypes.h>
| #endif
| #ifdef HAVE_STDINT_H
| # include <stdint.h>
| #endif
| #ifdef HAVE_UNISTD_H
| # include <unistd.h>
| #endif
| int
| main ()
| {
| if (sizeof ((_Bool)))
| 	    return 0;
|   ;
|   return 0;
| }
configure:4572: result: yes
configure:4590: checking for inline
configure:4606: arm-none-linux-gnueabi-gcc -c -g -O2  conftest.c >&5
configure:4606: $? = 0
configure:4614: result: inline
configure:4633: checking for size_t
configure:4633: arm-none-linux-gnueabi-gcc -c -g -O2  conftest.c >&5
configure:4633: $? = 0
configure:4633: arm-none-linux-gnueabi-gcc -c -g -O2  conftest.c >&5
conftest.c: In function 'main':
conftest.c:58: error: expected expression before ')' token
configure:4633: $? = 1
configure: failed program was:
| /* confdefs.h */
| #define PACKAGE_NAME "my_work"
| #define PACKAGE_TARNAME "my_work"
| #define PACKAGE_VERSION "1.0"
| #define PACKAGE_STRING "my_work 1.0"
| #define PACKAGE_BUGREPORT "kuangrenyx@qq.com"
| #define PACKAGE_URL ""
| #define HAVE_LIBPTHREAD 1
| #define STDC_HEADERS 1
| #define HAVE_SYS_TYPES_H 1
| #define HAVE_SYS_STAT_H 1
| #define HAVE_STDLIB_H 1
| #define HAVE_STRING_H 1
| #define HAVE_MEMORY_H 1
| #define HAVE_STRINGS_H 1
| #define HAVE_INTTYPES_H 1
| #define HAVE_STDINT_H 1
| #define HAVE_UNISTD_H 1
| #define HAVE__BOOL 1
| #define HAVE_STDBOOL_H 1
| /* end confdefs.h.  */
| #include <stdio.h>
| #ifdef HAVE_SYS_TYPES_H
| # include <sys/types.h>
| #endif
| #ifdef HAVE_SYS_STAT_H
| # include <sys/stat.h>
| #endif
| #ifdef STDC_HEADERS
| # include <stdlib.h>
| # include <stddef.h>
| #else
| # ifdef HAVE_STDLIB_H
| #  include <stdlib.h>
| # endif
| #endif
| #ifdef HAVE_STRING_H
| # if !defined STDC_HEADERS && defined HAVE_MEMORY_H
| #  include <memory.h>
| # endif
| # include <string.h>
| #endif
| #ifdef HAVE_STRINGS_H
| # include <strings.h>
| #endif
| #ifdef HAVE_INTTYPES_H
| # include <inttypes.h>
| #endif
| #ifdef HAVE_STDINT_H
| # include <stdint.h>
| #endif
| #ifdef HAVE_UNISTD_H
| # include <unistd.h>
| #endif
| int
| main ()
| {
| if (sizeof ((size_t)))
| 	    return 0;
|   ;
|   return 0;
| }
configure:4633: result: yes
configure:4649: checking X usability
configure:4649: arm-none-linux-gnueabi-gcc -c -g -O2  conftest.c >&5
conftest.c:55:13: error: X: No such file or directory
configure:4649: $? = 1
configure: failed program was:
| /* confdefs.h */
| #define PACKAGE_NAME "my_work"
| #define PACKAGE_TARNAME "my_work"
| #define PACKAGE_VERSION "1.0"
| #define PACKAGE_STRING "my_work 1.0"
| #define PACKAGE_BUGREPORT "kuangrenyx@qq.com"
| #define PACKAGE_URL ""
| #define HAVE_LIBPTHREAD 1
| #define STDC_HEADERS 1
| #define HAVE_SYS_TYPES_H 1
| #define HAVE_SYS_STAT_H 1
| #define HAVE_STDLIB_H 1
| #define HAVE_STRING_H 1
| #define HAVE_MEMORY_H 1
| #define HAVE_STRINGS_H 1
| #define HAVE_INTTYPES_H 1
| #define HAVE_STDINT_H 1
| #define HAVE_UNISTD_H 1
| #define HAVE__BOOL 1
| #define HAVE_STDBOOL_H 1
| /* end confdefs.h.  */
| #include <stdio.h>
| #ifdef HAVE_SYS_TYPES_H
| # include <sys/types.h>
| #endif
| #ifdef HAVE_SYS_STAT_H
| # include <sys/stat.h>
| #endif
| #ifdef STDC_HEADERS
| # include <stdlib.h>
| # include <stddef.h>
| #else
| # ifdef HAVE_STDLIB_H
| #  include <stdlib.h>
| # endif
| #endif
| #ifdef HAVE_STRING_H
| # if !defined STDC_HEADERS && defined HAVE_MEMORY_H
| #  include <memory.h>
| # endif
| # include <string.h>
| #endif
| #ifdef HAVE_STRINGS_H
| # include <strings.h>
| #endif
| #ifdef HAVE_INTTYPES_H
| # include <inttypes.h>
| #endif
| #ifdef HAVE_STDINT_H
| # include <stdint.h>
| #endif
| #ifdef HAVE_UNISTD_H
| # include <unistd.h>
| #endif
| #include <X>
configure:4649: result: no
configure:4649: checking X presence
configure:4649: arm-none-linux-gnueabi-gcc -E  conftest.c
conftest.c:22:13: error: X: No such file or directory
configure:4649: $? = 1
configure: failed program was:
| /* confdefs.h */
| #define PACKAGE_NAME "my_work"
| #define PACKAGE_TARNAME "my_work"
| #define PACKAGE_VERSION "1.0"
| #define PACKAGE_STRING "my_work 1.0"
| #define PACKAGE_BUGREPORT "kuangrenyx@qq.com"
| #define PACKAGE_URL ""
| #define HAVE_LIBPTHREAD 1
| #define STDC_HEADERS 1
| #define HAVE_SYS_TYPES_H 1
| #define HAVE_SYS_STAT_H 1
| #define HAVE_STDLIB_H 1
| #define HAVE_STRING_H 1
| #define HAVE_MEMORY_H 1
| #define HAVE_STRINGS_H 1
| #define HAVE_INTTYPES_H 1
| #define HAVE_STDINT_H 1
| #define HAVE_UNISTD_H 1
| #define HAVE__BOOL 1
| #define HAVE_STDBOOL_H 1
| /* end confdefs.h.  */
| #include <X>
configure:4649: result: no
configure:4649: checking for X
configure:4649: result: no
configure:4649: checking $CXX usability
configure:4649: arm-none-linux-gnueabi-gcc -c -g -O2  conftest.c >&5
conftest.c:55:16: error: $CXX: No such file or directory
configure:4649: $? = 1
configure: failed program was:
| /* confdefs.h */
| #define PACKAGE_NAME "my_work"
| #define PACKAGE_TARNAME "my_work"
| #define PACKAGE_VERSION "1.0"
| #define PACKAGE_STRING "my_work 1.0"
| #define PACKAGE_BUGREPORT "kuangrenyx@qq.com"
| #define PACKAGE_URL ""
| #define HAVE_LIBPTHREAD 1
| #define STDC_HEADERS 1
| #define HAVE_SYS_TYPES_H 1
| #define HAVE_SYS_STAT_H 1
| #define HAVE_STDLIB_H 1
| #define HAVE_STRING_H 1
| #define HAVE_MEMORY_H 1
| #define HAVE_STRINGS_H 1
| #define HAVE_INTTYPES_H 1
| #define HAVE_STDINT_H 1
| #define HAVE_UNISTD_H 1
| #define HAVE__BOOL 1
| #define HAVE_STDBOOL_H 1
| /* end confdefs.h.  */
| #include <stdio.h>
| #ifdef HAVE_SYS_TYPES_H
| # include <sys/types.h>
| #endif
| #ifdef HAVE_SYS_STAT_H
| # include <sys/stat.h>
| #endif
| #ifdef STDC_HEADERS
| # include <stdlib.h>
| # include <stddef.h>
| #else
| # ifdef HAVE_STDLIB_H
| #  include <stdlib.h>
| # endif
| #endif
| #ifdef HAVE_STRING_H
| # if !defined STDC_HEADERS && defined HAVE_MEMORY_H
| #  include <memory.h>
| # endif
| # include <string.h>
| #endif
| #ifdef HAVE_STRINGS_H
| # include <strings.h>
| #endif
| #ifdef HAVE_INTTYPES_H
| # include <inttypes.h>
| #endif
| #ifdef HAVE_STDINT_H
| # include <stdint.h>
| #endif
| #ifdef HAVE_UNISTD_H
| # include <unistd.h>
| #endif
| #include <$CXX>
configure:4649: result: no
configure:4649: checking $CXX presence
configure:4649: arm-none-linux-gnueabi-gcc -E  conftest.c
conftest.c:22:16: error: $CXX: No such file or directory
configure:4649: $? = 1
configure: failed program was:
| /* confdefs.h */
| #define PACKAGE_NAME "my_work"
| #define PACKAGE_TARNAME "my_work"
| #define PACKAGE_VERSION "1.0"
| #define PACKAGE_STRING "my_work 1.0"
| #define PACKAGE_BUGREPORT "kuangrenyx@qq.com"
| #define PACKAGE_URL ""
| #define HAVE_LIBPTHREAD 1
| #define STDC_HEADERS 1
| #define HAVE_SYS_TYPES_H 1
| #define HAVE_SYS_STAT_H 1
| #define HAVE_STDLIB_H 1
| #define HAVE_STRING_H 1
| #define HAVE_MEMORY_H 1
| #define HAVE_STRINGS_H 1
| #define HAVE_INTTYPES_H 1
| #define HAVE_STDINT_H 1
| #define HAVE_UNISTD_H 1
| #define HAVE__BOOL 1
| #define HAVE_STDBOOL_H 1
| /* end confdefs.h.  */
| #include <$CXX>
configure:4649: result: no
configure:4649: checking for $CXX
configure:4649: result: no
configure:4649: checking -c usability
configure:4649: arm-none-linux-gnueabi-gcc -c -g -O2  conftest.c >&5
conftest.c:55:14: error: -c: No such file or directory
configure:4649: $? = 1
configure: failed program was:
| /* confdefs.h */
| #define PACKAGE_NAME "my_work"
| #define PACKAGE_TARNAME "my_work"
| #define PACKAGE_VERSION "1.0"
| #define PACKAGE_STRING "my_work 1.0"
| #define PACKAGE_BUGREPORT "kuangrenyx@qq.com"
| #define PACKAGE_URL ""
| #define HAVE_LIBPTHREAD 1
| #define STDC_HEADERS 1
| #define HAVE_SYS_TYPES_H 1
| #define HAVE_SYS_STAT_H 1
| #define HAVE_STDLIB_H 1
| #define HAVE_STRING_H 1
| #define HAVE_MEMORY_H 1
| #define HAVE_STRINGS_H 1
| #define HAVE_INTTYPES_H 1
| #define HAVE_STDINT_H 1
| #define HAVE_UNISTD_H 1
| #define HAVE__BOOL 1
| #define HAVE_STDBOOL_H 1
| /* end confdefs.h.  */
| #include <stdio.h>
| #ifdef HAVE_SYS_TYPES_H
| # include <sys/types.h>
| #endif
| #ifdef HAVE_SYS_STAT_H
| # include <sys/stat.h>
| #endif
| #ifdef STDC_HEADERS
| # include <stdlib.h>
| # include <stddef.h>
| #else
| # ifdef HAVE_STDLIB_H
| #  include <stdlib.h>
| # endif
| #endif
| #ifdef HAVE_STRING_H
| # if !defined STDC_HEADERS && defined HAVE_MEMORY_H
| #  include <memory.h>
| # endif
| # include <string.h>
| #endif
| #ifdef HAVE_STRINGS_H
| # include <strings.h>
| #endif
| #ifdef HAVE_INTTYPES_H
| # include <inttypes.h>
| #endif
| #ifdef HAVE_STDINT_H
| # include <stdint.h>
| #endif
| #ifdef HAVE_UNISTD_H
| # include <unistd.h>
| #endif
| #include <-c>
configure:4649: result: no
configure:4649: checking -c presence
configure:4649: arm-none-linux-gnueabi-gcc -E  conftest.c
conftest.c:22:14: error: -c: No such file or directory
configure:4649: $? = 1
configure: failed program was:
| /* confdefs.h */
| #define PACKAGE_NAME "my_work"
| #define PACKAGE_TARNAME "my_work"
| #define PACKAGE_VERSION "1.0"
| #define PACKAGE_STRING "my_work 1.0"
| #define PACKAGE_BUGREPORT "kuangrenyx@qq.com"
| #define PACKAGE_URL ""
| #define HAVE_LIBPTHREAD 1
| #define STDC_HEADERS 1
| #define HAVE_SYS_TYPES_H 1
| #define HAVE_SYS_STAT_H 1
| #define HAVE_STDLIB_H 1
| #define HAVE_STRING_H 1
| #define HAVE_MEMORY_H 1
| #define HAVE_STRINGS_H 1
| #define HAVE_INTTYPES_H 1
| #define HAVE_STDINT_H 1
| #define HAVE_UNISTD_H 1
| #define HAVE__BOOL 1
| #define HAVE_STDBOOL_H 1
| /* end confdefs.h.  */
| #include <-c>
configure:4649: result: no
configure:4649: checking for -c
configure:4649: result: no
configure:4649: checking $CXXFLAGS usability
configure:4649: arm-none-linux-gnueabi-gcc -c -g -O2  conftest.c >&5
conftest.c:55:21: error: $CXXFLAGS: No such file or directory
configure:4649: $? = 1
configure: failed program was:
| /* confdefs.h */
| #define PACKAGE_NAME "my_work"
| #define PACKAGE_TARNAME "my_work"
| #define PACKAGE_VERSION "1.0"
| #define PACKAGE_STRING "my_work 1.0"
| #define PACKAGE_BUGREPORT "kuangrenyx@qq.com"
| #define PACKAGE_URL ""
| #define HAVE_LIBPTHREAD 1
| #define STDC_HEADERS 1
| #define HAVE_SYS_TYPES_H 1
| #define HAVE_SYS_STAT_H 1
| #define HAVE_STDLIB_H 1
| #define HAVE_STRING_H 1
| #define HAVE_MEMORY_H 1
| #define HAVE_STRINGS_H 1
| #define HAVE_INTTYPES_H 1
| #define HAVE_STDINT_H 1
| #define HAVE_UNISTD_H 1
| #define HAVE__BOOL 1
| #define HAVE_STDBOOL_H 1
| /* end confdefs.h.  */
| #include <stdio.h>
| #ifdef HAVE_SYS_TYPES_H
| # include <sys/types.h>
| #endif
| #ifdef HAVE_SYS_STAT_H
| # include <sys/stat.h>
| #endif
| #ifdef STDC_HEADERS
| # include <stdlib.h>
| # include <stddef.h>
| #else
| # ifdef HAVE_STDLIB_H
| #  include <stdlib.h>
| # endif
| #endif
| #ifdef HAVE_STRING_H
| # if !defined STDC_HEADERS && defined HAVE_MEMORY_H
| #  include <memory.h>
| # endif
| # include <string.h>
| #endif
| #ifdef HAVE_STRINGS_H
| # include <strings.h>
| #endif
| #ifdef HAVE_INTTYPES_H
| # include <inttypes.h>
| #endif
| #ifdef HAVE_STDINT_H
| # include <stdint.h>
| #endif
| #ifdef HAVE_UNISTD_H
| # include <unistd.h>
| #endif
| #include <$CXXFLAGS>
configure:4649: result: no
configure:4649: checking $CXXFLAGS presence
configure:4649: arm-none-linux-gnueabi-gcc -E  conftest.c
conftest.c:22:21: error: $CXXFLAGS: No such file or directory
configure:4649: $? = 1
configure: failed program was:
| /* confdefs.h */
| #define PACKAGE_NAME "my_work"
| #define PACKAGE_TARNAME "my_work"
| #define PACKAGE_VERSION "1.0"
| #define PACKAGE_STRING "my_work 1.0"
| #define PACKAGE_BUGREPORT "kuangrenyx@qq.com"
| #define PACKAGE_URL ""
| #define HAVE_LIBPTHREAD 1
| #define STDC_HEADERS 1
| #define HAVE_SYS_TYPES_H 1
| #define HAVE_SYS_STAT_H 1
| #define HAVE_STDLIB_H 1
| #define HAVE_STRING_H 1
| #define HAVE_MEMORY_H 1
| #define HAVE_STRINGS_H 1
| #define HAVE_INTTYPES_H 1
| #define HAVE_STDINT_H 1
| #define HAVE_UNISTD_H 1
| #define HAVE__BOOL 1
| #define HAVE_STDBOOL_H 1
| /* end confdefs.h.  */
| #include <$CXXFLAGS>
configure:4649: result: no
configure:4649: checking for $CXXFLAGS
configure:4649: result: no
configure:4649: checking $CPPFLAGS usability
configure:4649: arm-none-linux-gnueabi-gcc -c -g -O2  conftest.c >&5
conftest.c:55:21: error: $CPPFLAGS: No such file or directory
configure:4649: $? = 1
configure: failed program was:
| /* confdefs.h */
| #define PACKAGE_NAME "my_work"
| #define PACKAGE_TARNAME "my_work"
| #define PACKAGE_VERSION "1.0"
| #define PACKAGE_STRING "my_work 1.0"
| #define PACKAGE_BUGREPORT "kuangrenyx@qq.com"
| #define PACKAGE_URL ""
| #define HAVE_LIBPTHREAD 1
| #define STDC_HEADERS 1
| #define HAVE_SYS_TYPES_H 1
| #define HAVE_SYS_STAT_H 1
| #define HAVE_STDLIB_H 1
| #define HAVE_STRING_H 1
| #define HAVE_MEMORY_H 1
| #define HAVE_STRINGS_H 1
| #define HAVE_INTTYPES_H 1
| #define HAVE_STDINT_H 1
| #define HAVE_UNISTD_H 1
| #define HAVE__BOOL 1
| #define HAVE_STDBOOL_H 1
| /* end confdefs.h.  */
| #include <stdio.h>
| #ifdef HAVE_SYS_TYPES_H
| # include <sys/types.h>
| #endif
| #ifdef HAVE_SYS_STAT_H
| # include <sys/stat.h>
| #endif
| #ifdef STDC_HEADERS
| # include <stdlib.h>
| # include <stddef.h>
| #else
| # ifdef HAVE_STDLIB_H
| #  include <stdlib.h>
| # endif
| #endif
| #ifdef HAVE_STRING_H
| # if !defined STDC_HEADERS && defined HAVE_MEMORY_H
| #  include <memory.h>
| # endif
| # include <string.h>
| #endif
| #ifdef HAVE_STRINGS_H
| # include <strings.h>
| #endif
| #ifdef HAVE_INTTYPES_H
| # include <inttypes.h>
| #endif
| #ifdef HAVE_STDINT_H
| # include <stdint.h>
| #endif
| #ifdef HAVE_UNISTD_H
| # include <unistd.h>
| #endif
| #include <$CPPFLAGS>
configure:4649: result: no
configure:4649: checking $CPPFLAGS presence
configure:4649: arm-none-linux-gnueabi-gcc -E  conftest.c
conftest.c:22:21: error: $CPPFLAGS: No such file or directory
configure:4649: $? = 1
configure: failed program was:
| /* confdefs.h */
| #define PACKAGE_NAME "my_work"
| #define PACKAGE_TARNAME "my_work"
| #define PACKAGE_VERSION "1.0"
| #define PACKAGE_STRING "my_work 1.0"
| #define PACKAGE_BUGREPORT "kuangrenyx@qq.com"
| #define PACKAGE_URL ""
| #define HAVE_LIBPTHREAD 1
| #define STDC_HEADERS 1
| #define HAVE_SYS_TYPES_H 1
| #define HAVE_SYS_STAT_H 1
| #define HAVE_STDLIB_H 1
| #define HAVE_STRING_H 1
| #define HAVE_MEMORY_H 1
| #define HAVE_STRINGS_H 1
| #define HAVE_INTTYPES_H 1
| #define HAVE_STDINT_H 1
| #define HAVE_UNISTD_H 1
| #define HAVE__BOOL 1
| #define HAVE_STDBOOL_H 1
| /* end confdefs.h.  */
| #include <$CPPFLAGS>
configure:4649: result: no
configure:4649: checking for $CPPFLAGS
configure:4649: result: no
configure:4649: checking conftest.$ac_ext usability
configure:4649: arm-none-linux-gnueabi-gcc -c -g -O2  conftest.c >&5
conftest.c:55:28: error: conftest.$ac_ext: No such file or directory
configure:4649: $? = 1
configure: failed program was:
| /* confdefs.h */
| #define PACKAGE_NAME "my_work"
| #define PACKAGE_TARNAME "my_work"
| #define PACKAGE_VERSION "1.0"
| #define PACKAGE_STRING "my_work 1.0"
| #define PACKAGE_BUGREPORT "kuangrenyx@qq.com"
| #define PACKAGE_URL ""
| #define HAVE_LIBPTHREAD 1
| #define STDC_HEADERS 1
| #define HAVE_SYS_TYPES_H 1
| #define HAVE_SYS_STAT_H 1
| #define HAVE_STDLIB_H 1
| #define HAVE_STRING_H 1
| #define HAVE_MEMORY_H 1
| #define HAVE_STRINGS_H 1
| #define HAVE_INTTYPES_H 1
| #define HAVE_STDINT_H 1
| #define HAVE_UNISTD_H 1
| #define HAVE__BOOL 1
| #define HAVE_STDBOOL_H 1
| /* end confdefs.h.  */
| #include <stdio.h>
| #ifdef HAVE_SYS_TYPES_H
| # include <sys/types.h>
| #endif
| #ifdef HAVE_SYS_STAT_H
| # include <sys/stat.h>
| #endif
| #ifdef STDC_HEADERS
| # include <stdlib.h>
| # include <stddef.h>
| #else
| # ifdef HAVE_STDLIB_H
| #  include <stdlib.h>
| # endif
| #endif
| #ifdef HAVE_STRING_H
| # if !defined STDC_HEADERS && defined HAVE_MEMORY_H
| #  include <memory.h>
| # endif
| # include <string.h>
| #endif
| #ifdef HAVE_STRINGS_H
| # include <strings.h>
| #endif
| #ifdef HAVE_INTTYPES_H
| # include <inttypes.h>
| #endif
| #ifdef HAVE_STDINT_H
| # include <stdint.h>
| #endif
| #ifdef HAVE_UNISTD_H
| # include <unistd.h>
| #endif
| #include <conftest.$ac_ext>
configure:4649: result: no
configure:4649: checking conftest.$ac_ext presence
configure:4649: arm-none-linux-gnueabi-gcc -E  conftest.c
conftest.c:22:28: error: conftest.$ac_ext: No such file or directory
configure:4649: $? = 1
configure: failed program was:
| /* confdefs.h */
| #define PACKAGE_NAME "my_work"
| #define PACKAGE_TARNAME "my_work"
| #define PACKAGE_VERSION "1.0"
| #define PACKAGE_STRING "my_work 1.0"
| #define PACKAGE_BUGREPORT "kuangrenyx@qq.com"
| #define PACKAGE_URL ""
| #define HAVE_LIBPTHREAD 1
| #define STDC_HEADERS 1
| #define HAVE_SYS_TYPES_H 1
| #define HAVE_SYS_STAT_H 1
| #define HAVE_STDLIB_H 1
| #define HAVE_STRING_H 1
| #define HAVE_MEMORY_H 1
| #define HAVE_STRINGS_H 1
| #define HAVE_INTTYPES_H 1
| #define HAVE_STDINT_H 1
| #define HAVE_UNISTD_H 1
| #define HAVE__BOOL 1
| #define HAVE_STDBOOL_H 1
| /* end confdefs.h.  */
| #include <conftest.$ac_ext>
configure:4649: result: no
configure:4649: checking for conftest.$ac_ext
configure:4649: result: no
configure:4649: checking >&5 usability
configure:4649: arm-none-linux-gnueabi-gcc -c -g -O2  conftest.c >&5
conftest.c:55:12: warning: extra tokens at end of #include directive
conftest.c:55:12: error: empty filename in #include
configure:4649: $? = 1
configure: failed program was:
| /* confdefs.h */
| #define PACKAGE_NAME "my_work"
| #define PACKAGE_TARNAME "my_work"
| #define PACKAGE_VERSION "1.0"
| #define PACKAGE_STRING "my_work 1.0"
| #define PACKAGE_BUGREPORT "kuangrenyx@qq.com"
| #define PACKAGE_URL ""
| #define HAVE_LIBPTHREAD 1
| #define STDC_HEADERS 1
| #define HAVE_SYS_TYPES_H 1
| #define HAVE_SYS_STAT_H 1
| #define HAVE_STDLIB_H 1
| #define HAVE_STRING_H 1
| #define HAVE_MEMORY_H 1
| #define HAVE_STRINGS_H 1
| #define HAVE_INTTYPES_H 1
| #define HAVE_STDINT_H 1
| #define HAVE_UNISTD_H 1
| #define HAVE__BOOL 1
| #define HAVE_STDBOOL_H 1
| /* end confdefs.h.  */
| #include <stdio.h>
| #ifdef HAVE_SYS_TYPES_H
| # include <sys/types.h>
| #endif
| #ifdef HAVE_SYS_STAT_H
| # include <sys/stat.h>
| #endif
| #ifdef STDC_HEADERS
| # include <stdlib.h>
| # include <stddef.h>
| #else
| # ifdef HAVE_STDLIB_H
| #  include <stdlib.h>
| # endif
| #endif
| #ifdef HAVE_STRING_H
| # if !defined STDC_HEADERS && defined HAVE_MEMORY_H
| #  include <memory.h>
| # endif
| # include <string.h>
| #endif
| #ifdef HAVE_STRINGS_H
| # include <strings.h>
| #endif
| #ifdef HAVE_INTTYPES_H
| # include <inttypes.h>
| #endif
| #ifdef HAVE_STDINT_H
| # include <stdint.h>
| #endif
| #ifdef HAVE_UNISTD_H
| # include <unistd.h>
| #endif
| #include <>&5>
configure:4649: result: no
configure:4649: checking >&5 presence
configure:4649: arm-none-linux-gnueabi-gcc -E  conftest.c
conftest.c:22:12: warning: extra tokens at end of #include directive
conftest.c:22:12: error: empty filename in #include
configure:4649: $? = 1
configure: failed program was:
| /* confdefs.h */
| #define PACKAGE_NAME "my_work"
| #define PACKAGE_TARNAME "my_work"
| #define PACKAGE_VERSION "1.0"
| #define PACKAGE_STRING "my_work 1.0"
| #define PACKAGE_BUGREPORT "kuangrenyx@qq.com"
| #define PACKAGE_URL ""
| #define HAVE_LIBPTHREAD 1
| #define STDC_HEADERS 1
| #define HAVE_SYS_TYPES_H 1
| #define HAVE_SYS_STAT_H 1
| #define HAVE_STDLIB_H 1
| #define HAVE_STRING_H 1
| #define HAVE_MEMORY_H 1
| #define HAVE_STRINGS_H 1
| #define HAVE_INTTYPES_H 1
| #define HAVE_STDINT_H 1
| #define HAVE_UNISTD_H 1
| #define HAVE__BOOL 1
| #define HAVE_STDBOOL_H 1
| /* end confdefs.h.  */
| #include <>&5>
configure:4649: result: no
configure:4649: checking for >&5
configure:4649: result: no
configure:4663: checking for arm-none-linux-gnueabi-ranlib
configure:4679: found /opt/beagleboard/CodeSourcery/Sourcery_G++_Lite/bin/arm-none-linux-gnueabi-ranlib
configure:4690: result: arm-none-linux-gnueabi-ranlib
configure:4865: checking that generated files are newer than configure
configure:4871: result: done
configure:4898: creating ./config.status

## ---------------- ##
## Cache variables. ##
## ---------------- ##

ac_cv_c_compiler_gnu=yes
ac_cv_c_inline=inline
ac_cv_cxx_compiler_gnu=yes
ac_cv_env_CCC_set=
ac_cv_env_CCC_value=
ac_cv_env_CC_set=set
ac_cv_env_CC_value=arm-none-linux-gnueabi-gcc
ac_cv_env_CFLAGS_set=
ac_cv_env_CFLAGS_value=
ac_cv_env_CPPFLAGS_set=
ac_cv_env_CPPFLAGS_value=
ac_cv_env_CPP_set=
ac_cv_env_CPP_value=
ac_cv_env_CXXFLAGS_set=
ac_cv_env_CXXFLAGS_value=
ac_cv_env_CXX_set=set
ac_cv_env_CXX_value=arm-none-linux-gnueabi-g++
ac_cv_env_LDFLAGS_set=
ac_cv_env_LDFLAGS_value=
ac_cv_env_LIBS_set=
ac_cv_env_LIBS_value=
ac_cv_env_build_alias_set=
ac_cv_env_build_alias_value=
ac_cv_env_host_alias_set=set
ac_cv_env_host_alias_value=arm-none-linux-gnueabi
ac_cv_env_target_alias_set=
ac_cv_env_target_alias_value=
ac_cv_header_X=no
ac_cv_header__CPPFLAGS=no
ac_cv_header__CXX=no
ac_cv_header__CXXFLAGS=no
ac_cv_header___5=no
ac_cv_header__c=no
ac_cv_header_conftest__ac_ext=no
ac_cv_header_inttypes_h=yes
ac_cv_header_memory_h=yes
ac_cv_header_stdbool_h=yes
ac_cv_header_stdc=yes
ac_cv_header_stdint_h=yes
ac_cv_header_stdlib_h=yes
ac_cv_header_string_h=yes
ac_cv_header_strings_h=yes
ac_cv_header_sys_stat_h=yes
ac_cv_header_sys_types_h=yes
ac_cv_header_unistd_h=yes
ac_cv_lib_pthread_main=yes
ac_cv_objext=o
ac_cv_path_EGREP='/bin/grep -E'
ac_cv_path_GREP=/bin/grep
ac_cv_path_install='/usr/bin/install -c'
ac_cv_path_mkdir=/bin/mkdir
ac_cv_prog_AWK=gawk
ac_cv_prog_CC=arm-none-linux-gnueabi-gcc
ac_cv_prog_CPP='arm-none-linux-gnueabi-gcc -E'
ac_cv_prog_RANLIB=arm-none-linux-gnueabi-ranlib
ac_cv_prog_STRIP=arm-none-linux-gnueabi-strip
ac_cv_prog_cc_c89=
ac_cv_prog_cc_g=yes
ac_cv_prog_cxx_g=yes
ac_cv_prog_make_make_set=yes
ac_cv_type__Bool=yes
ac_cv_type_size_t=yes
am_cv_CC_dependencies_compiler_type=gcc3
am_cv_CXX_dependencies_compiler_type=gcc3

## ----------------- ##
## Output variables. ##
## ----------------- ##

ACLOCAL='${SHELL} /home/kuangren/bishe/project/my_work_wordcount_arm/my_work/missing --run aclocal-1.12'
AMDEPBACKSLASH='\'
AMDEP_FALSE='#'
AMDEP_TRUE=''
AMTAR='$${TAR-tar}'
AUTOCONF='${SHELL} /home/kuangren/bishe/project/my_work_wordcount_arm/my_work/missing --run autoconf'
AUTOHEADER='${SHELL} /home/kuangren/bishe/project/my_work_wordcount_arm/my_work/missing --run autoheader'
AUTOMAKE='${SHELL} /home/kuangren/bishe/project/my_work_wordcount_arm/my_work/missing --run automake-1.12'
AWK='gawk'
CC='arm-none-linux-gnueabi-gcc'
CCDEPMODE='depmode=gcc3'
CFLAGS='-g -O2'
CPP='arm-none-linux-gnueabi-gcc -E'
CPPFLAGS=''
CXX='arm-none-linux-gnueabi-g++'
CXXDEPMODE='depmode=gcc3'
CXXFLAGS='-g -O2'
CYGPATH_W='echo'
DEFS='-DHAVE_CONFIG_H'
DEPDIR='.deps'
ECHO_C=''
ECHO_N='-n'
ECHO_T=''
EGREP='/bin/grep -E'
EXEEXT=''
GREP='/bin/grep'
INSTALL_DATA='${INSTALL} -m 644'
INSTALL_PROGRAM='${INSTALL}'
INSTALL_SCRIPT='${INSTALL}'
INSTALL_STRIP_PROGRAM='$(install_sh) -c -s'
LDFLAGS=''
LIBOBJS=''
LIBS='-lpthread '
LTLIBOBJS=''
MAKEINFO='${SHELL} /home/kuangren/bishe/project/my_work_wordcount_arm/my_work/missing --run makeinfo'
MKDIR_P='/bin/mkdir -p'
OBJEXT='o'
PACKAGE='my_work'
PACKAGE_BUGREPORT='kuangrenyx@qq.com'
PACKAGE_NAME='my_work'
PACKAGE_STRING='my_work 1.0'
PACKAGE_TARNAME='my_work'
PACKAGE_URL=''
PACKAGE_VERSION='1.0'
PATH_SEPARATOR=':'
RANLIB='arm-none-linux-gnueabi-ranlib'
SET_MAKE=''
SHELL='/bin/sh'
STRIP='arm-none-linux-gnueabi-strip'
VERSION='1.0'
ac_ct_CC=''
ac_ct_CXX=''
am__EXEEXT_FALSE=''
am__EXEEXT_TRUE='#'
am__fastdepCC_FALSE='#'
am__fastdepCC_TRUE=''
am__fastdepCXX_FALSE='#'
am__fastdepCXX_TRUE=''
am__include='include'
am__isrc=''
am__leading_dot='.'
am__nodep='_no'
am__quote=''
am__tar='$${TAR-tar} chof - "$$tardir"'
am__untar='$${TAR-tar} xf -'
bindir='${exec_prefix}/bin'
build_alias=''
datadir='${datarootdir}'
datarootdir='${prefix}/share'
docdir='${datarootdir}/doc/${PACKAGE_TARNAME}'
dvidir='${docdir}'
exec_prefix='${prefix}'
host_alias='arm-none-linux-gnueabi'
htmldir='${docdir}'
includedir='${prefix}/include'
infodir='${datarootdir}/info'
install_sh='${SHELL} /home/kuangren/bishe/project/my_work_wordcount_arm/my_work/install-sh'
libdir='${exec_prefix}/lib'
libexecdir='${exec_prefix}/libexec'
localedir='${datarootdir}/locale'
localstatedir='${prefix}/var'
mandir='${datarootdir}/man'
mkdir_p='$(MKDIR_P)'
oldincludedir='/usr/include'
pdfdir='${docdir}'
prefix='/usr/local'
program_transform_name='s,x,x,'
psdir='${docdir}'
sbindir='${exec_prefix}/sbin'
sharedstatedir='${prefix}/com'
sysconfdir='${prefix}/etc'
target_alias=''

## ----------- ##
## confdefs.h. ##
## ----------- ##

/* confdefs.h */
#define PACKAGE_NAME "my_work"
#define PACKAGE_TARNAME "my_work"
#define PACKAGE_VERSION "1.0"
#define PACKAGE_STRING "my_work 1.0"
#define PACKAGE_BUGREPORT "kuangrenyx@qq.com"
#define PACKAGE_URL ""
#define HAVE_LIBPTHREAD 1
#define STDC_HEADERS 1
#define HAVE_SYS_TYPES_H 1
#define HAVE_SYS_STAT_H 1
#define HAVE_STDLIB_H 1
#define HAVE_STRING_H 1
#define HAVE_MEMORY_H 1
#define HAVE_STRINGS_H 1
#define HAVE_INTTYPES_H 1
#define HAVE_STDINT_H 1
#define HAVE_UNISTD_H 1
#define HAVE__BOOL 1
#define HAVE_STDBOOL_H 1

configure: exit 0

## ---------------------- ##
## Running config.status. ##
## ---------------------- ##

This file was extended by my_work config.status 1.0, which was
generated by GNU Autoconf 2.69.  Invocation command line was

  CONFIG_FILES    = 
  CONFIG_HEADERS  = 
  CONFIG_LINKS    = 
  CONFIG_COMMANDS = 
  $ ./config.status 

on master

config.status:861: creating Makefile
config.status:861: creating src/Makefile
config.status:861: creating test/Makefile
config.status:861: creating misc/www/Makefile
config.status:861: creating misc/mod/Makefile
config.status:861: creating dir/Makefile
config.status:861: creating config.h
config.status:1042: config.h is unchanged
config.status:1090: executing depfiles commands

## ---------------------- ##
## Running config.status. ##
## ---------------------- ##

This file was extended by my_work config.status 1.0, which was
generated by GNU Autoconf 2.69.  Invocation command line was

  CONFIG_FILES    = 
  CONFIG_HEADERS  = 
  CONFIG_LINKS    = 
  CONFIG_COMMANDS = 
  $ ./config.status config.h

on master

config.status:861: creating config.h
config.status:1042: config.h is unchanged

## ---------------------- ##
## Running config.status. ##
## ---------------------- ##

This file was extended by my_work config.status 1.0, which was
generated by GNU Autoconf 2.69.  Invocation command line was

  CONFIG_FILES    = 
  CONFIG_HEADERS  = 
  CONFIG_LINKS    = 
  CONFIG_COMMANDS = 
  $ ./config.status test/Makefile depfiles

on master

config.status:861: creating test/Makefile
config.status:1090: executing depfiles commands

## ---------------------- ##
## Running config.status. ##
## ---------------------- ##

This file was extended by my_work config.status 1.0, which was
generated by GNU Autoconf 2.69.  Invocation command line was

  CONFIG_FILES    = 
  CONFIG_HEADERS  = 
  CONFIG_LINKS    = 
  CONFIG_COMMANDS = 
  $ ./config.status test/Makefile depfiles

on master

config.status:861: creating test/Makefile
config.status:1090: executing depfiles commands

## ---------------------- ##
## Running config.status. ##
## ---------------------- ##

This file was extended by my_work config.status 1.0, which was
generated by GNU Autoconf 2.69.  Invocation command line was

  CONFIG_FILES    = 
  CONFIG_HEADERS  = 
  CONFIG_LINKS    = 
  CONFIG_COMMANDS = 
  $ ./config.status 

on master

config.status:861: creating Makefile
config.status:861: creating src/Makefile
config.status:861: creating test/Makefile
config.status:861: creating misc/www/Makefile
config.status:861: creating misc/mod/Makefile
config.status:861: creating dir/Makefile
config.status:861: creating config.h
config.status:1042: config.h is unchanged
config.status:1090: executing depfiles commands

## ---------------------- ##
## Running config.status. ##
## ---------------------- ##

This file was extended by my_work config.status 1.0, which was
generated by GNU Autoconf 2.69.  Invocation command line was

  CONFIG_FILES    = 
  CONFIG_HEADERS  = 
  CONFIG_LINKS    = 
  CONFIG_COMMANDS = 
  $ ./config.status test/Makefile depfiles

on master

config.status:861: creating test/Makefile
config.status:1090: executing depfiles commands

## ---------------------- ##
## Running config.status. ##
## ---------------------- ##

This file was extended by my_work config.status 1.0, which was
generated by GNU Autoconf 2.69.  Invocation command line was

  CONFIG_FILES    = 
  CONFIG_HEADERS  = 
  CONFIG_LINKS    = 
  CONFIG_COMMANDS = 
  $ ./config.status config.h

on master

config.status:861: creating config.h
config.status:1042: config.h is unchanged
