This file contains any messages produced by compilers while
running configure, to aid debugging if configure makes a mistake.

It was created by my_work configure 1.0, which was
generated by GNU Autoconf 2.67.  Invocation command line was

  $ ./configure --prefix=

## --------- ##
## Platform. ##
## --------- ##

hostname = ubuntu
uname -m = i686
uname -r = 2.6.38-8-generic
uname -s = Linux
uname -v = #42-Ubuntu SMP Mon Apr 11 03:31:50 UTC 2011

/usr/bin/uname -p = unknown
/bin/uname -X     = unknown

/bin/arch              = unknown
/usr/bin/arch -k       = unknown
/usr/convex/getsysinfo = unknown
/usr/bin/hostinfo      = unknown
/bin/machine           = unknown
/usr/bin/oslevel       = unknown
/bin/universe          = unknown

PATH: /usr/local/sbin
PATH: /usr/local/bin
PATH: /usr/sbin
PATH: /usr/bin
PATH: /sbin
PATH: /bin
PATH: /usr/games
PATH: ${JAVA_HOME}/bin


## ----------- ##
## Core tests. ##
## ----------- ##

configure:2188: checking for a BSD-compatible install
configure:2256: result: /usr/bin/install -c
configure:2267: checking whether build environment is sane
configure:2317: result: yes
configure:2458: checking for a thread-safe mkdir -p
configure:2497: result: /bin/mkdir -p
configure:2510: checking for gawk
configure:2540: result: no
configure:2510: checking for mawk
configure:2526: found /usr/bin/mawk
configure:2537: result: mawk
configure:2548: checking whether make sets $(MAKE)
configure:2570: result: yes
configure:2694: checking for gcc
configure:2710: found /usr/bin/gcc
configure:2721: result: gcc
configure:2950: checking for C compiler version
configure:2959: gcc --version >&5
gcc (Ubuntu/Linaro 4.5.2-8ubuntu4) 4.5.2
Copyright (C) 2010 Free Software Foundation, Inc.
This is free software; see the source for copying conditions.  There is NO
warranty; not even for MERCHANTABILITY or FITNESS FOR A PARTICULAR PURPOSE.

configure:2970: $? = 0
configure:2959: gcc -v >&5
Using built-in specs.
COLLECT_GCC=gcc
COLLECT_LTO_WRAPPER=/usr/lib/i386-linux-gnu/gcc/i686-linux-gnu/4.5.2/lto-wrapper
Target: i686-linux-gnu
Configured with: ../src/configure -v --with-pkgversion='Ubuntu/Linaro 4.5.2-8ubuntu4' --with-bugurl=file:///usr/share/doc/gcc-4.5/README.Bugs --enable-languages=c,c++,fortran,objc,obj-c++ --prefix=/usr --program-suffix=-4.5 --enable-shared --enable-multiarch --with-multiarch-defaults=i386-linux-gnu --enable-linker-build-id --with-system-zlib --libexecdir=/usr/lib/i386-linux-gnu --without-included-gettext --enable-threads=posix --with-gxx-include-dir=/usr/include/c++/4.5 --libdir=/usr/lib/i386-linux-gnu --enable-nls --with-sysroot=/ --enable-clocale=gnu --enable-libstdcxx-debug --enable-libstdcxx-time=yes --enable-plugin --enable-gold --enable-ld=default --with-plugin-ld=ld.gold --enable-objc-gc --enable-targets=all --disable-werror --with-arch-32=i686 --with-tune=generic --enable-checking=release --build=i686-linux-gnu --host=i686-linux-gnu --target=i686-linux-gnu
Thread model: posix
gcc version 4.5.2 (Ubuntu/Linaro 4.5.2-8ubuntu4) 
configure:2970: $? = 0
configure:2959: gcc -V >&5
gcc: '-V' option must have argument
configure:2970: $? = 1
configure:2959: gcc -qversion >&5
gcc: unrecognized option '-qversion'
gcc: no input files
configure:2970: $? = 1
configure:2990: checking whether the C compiler works
configure:3012: gcc    conftest.c  >&5
configure:3016: $? = 0
configure:3064: result: yes
configure:3067: checking for C compiler default output file name
configure:3069: result: a.out
configure:3075: checking for suffix of executables
configure:3082: gcc -o conftest    conftest.c  >&5
configure:3086: $? = 0
configure:3108: result: 
configure:3130: checking whether we are cross compiling
configure:3138: gcc -o conftest    conftest.c  >&5
configure:3142: $? = 0
configure:3149: ./conftest
configure:3153: $? = 0
configure:3168: result: no
configure:3173: checking for suffix of object files
configure:3195: gcc -c   conftest.c >&5
configure:3199: $? = 0
configure:3220: result: o
configure:3224: checking whether we are using the GNU C compiler
configure:3243: gcc -c   conftest.c >&5
configure:3243: $? = 0
configure:3252: result: yes
configure:3261: checking whether gcc accepts -g
configure:3281: gcc -c -g  conftest.c >&5
configure:3281: $? = 0
configure:3322: result: yes
configure:3339: checking for gcc option to accept ISO C89
configure:3403: gcc  -c -g -O2  conftest.c >&5
configure:3403: $? = 0
configure:3416: result: none needed
configure:3447: checking for style of include used by make
configure:3475: result: GNU
configure:3500: checking dependency style of gcc
configure:3610: result: gcc3
configure:3683: checking for g++
configure:3699: found /usr/bin/g++
configure:3710: result: g++
configure:3737: checking for C++ compiler version
configure:3746: g++ --version >&5
g++ (Ubuntu/Linaro 4.5.2-8ubuntu4) 4.5.2
Copyright (C) 2010 Free Software Foundation, Inc.
This is free software; see the source for copying conditions.  There is NO
warranty; not even for MERCHANTABILITY or FITNESS FOR A PARTICULAR PURPOSE.

configure:3757: $? = 0
configure:3746: g++ -v >&5
Using built-in specs.
COLLECT_GCC=g++
COLLECT_LTO_WRAPPER=/usr/lib/i386-linux-gnu/gcc/i686-linux-gnu/4.5.2/lto-wrapper
Target: i686-linux-gnu
Configured with: ../src/configure -v --with-pkgversion='Ubuntu/Linaro 4.5.2-8ubuntu4' --with-bugurl=file:///usr/share/doc/gcc-4.5/README.Bugs --enable-languages=c,c++,fortran,objc,obj-c++ --prefix=/usr --program-suffix=-4.5 --enable-shared --enable-multiarch --with-multiarch-defaults=i386-linux-gnu --enable-linker-build-id --with-system-zlib --libexecdir=/usr/lib/i386-linux-gnu --without-included-gettext --enable-threads=posix --with-gxx-include-dir=/usr/include/c++/4.5 --libdir=/usr/lib/i386-linux-gnu --enable-nls --with-sysroot=/ --enable-clocale=gnu --enable-libstdcxx-debug --enable-libstdcxx-time=yes --enable-plugin --enable-gold --enable-ld=default --with-plugin-ld=ld.gold --enable-objc-gc --enable-targets=all --disable-werror --with-arch-32=i686 --with-tune=generic --enable-checking=release --build=i686-linux-gnu --host=i686-linux-gnu --target=i686-linux-gnu
Thread model: posix
gcc version 4.5.2 (Ubuntu/Linaro 4.5.2-8ubuntu4) 
configure:3757: $? = 0
configure:3746: g++ -V >&5
g++: '-V' option must have argument
configure:3757: $? = 1
configure:3746: g++ -qversion >&5
g++: unrecognized option '-qversion'
g++: no input files
configure:3757: $? = 1
configure:3761: checking whether we are using the GNU C++ compiler
configure:3780: g++ -c   conftest.cpp >&5
configure:3780: $? = 0
configure:3789: result: yes
configure:3798: checking whether g++ accepts -g
configure:3818: g++ -c -g  conftest.cpp >&5
configure:3818: $? = 0
configure:3859: result: yes
configure:3884: checking dependency style of g++
configure:3994: result: gcc3
configure:4012: checking for main in -lpthread
configure:4031: gcc -o conftest -g -O2   conftest.c -lpthread   >&5
configure:4031: $? = 0
configure:4040: result: yes
configure:4057: checking how to run the C preprocessor
configure:4088: gcc -E  conftest.c
configure:4088: $? = 0
configure:4102: gcc -E  conftest.c
conftest.c:10:28: fatal error: ac_nonexistent.h: No such file or directory
compilation terminated.
configure:4102: $? = 1
configure: failed program was:
| /* confdefs.h */
| #define PACKAGE_NAME "my_work"
| #define PACKAGE_TARNAME "my_work"
| #define PACKAGE_VERSION "1.0"
| #define PACKAGE_STRING "my_work 1.0"
| #define PACKAGE_BUGREPORT "kuangrenyx@qq.com"
| #define PACKAGE_URL ""
| #define HAVE_LIBPTHREAD 1
| /* end confdefs.h.  */
| #include <ac_nonexistent.h>
configure:4127: result: gcc -E
configure:4147: gcc -E  conftest.c
configure:4147: $? = 0
configure:4161: gcc -E  conftest.c
conftest.c:10:28: fatal error: ac_nonexistent.h: No such file or directory
compilation terminated.
configure:4161: $? = 1
configure: failed program was:
| /* confdefs.h */
| #define PACKAGE_NAME "my_work"
| #define PACKAGE_TARNAME "my_work"
| #define PACKAGE_VERSION "1.0"
| #define PACKAGE_STRING "my_work 1.0"
| #define PACKAGE_BUGREPORT "kuangrenyx@qq.com"
| #define PACKAGE_URL ""
| #define HAVE_LIBPTHREAD 1
| /* end confdefs.h.  */
| #include <ac_nonexistent.h>
configure:4190: checking for grep that handles long lines and -e
configure:4248: result: /bin/grep
configure:4253: checking for egrep
configure:4315: result: /bin/grep -E
configure:4320: checking for ANSI C header files
configure:4340: gcc -c -g -O2  conftest.c >&5
configure:4340: $? = 0
configure:4413: gcc -o conftest -g -O2   conftest.c -lpthread  >&5
configure:4413: $? = 0
configure:4413: ./conftest
configure:4413: $? = 0
configure:4424: result: yes
configure:4437: checking for sys/types.h
configure:4437: gcc -c -g -O2  conftest.c >&5
configure:4437: $? = 0
configure:4437: result: yes
configure:4437: checking for sys/stat.h
configure:4437: gcc -c -g -O2  conftest.c >&5
configure:4437: $? = 0
configure:4437: result: yes
configure:4437: checking for stdlib.h
configure:4437: gcc -c -g -O2  conftest.c >&5
configure:4437: $? = 0
configure:4437: result: yes
configure:4437: checking for string.h
configure:4437: gcc -c -g -O2  conftest.c >&5
configure:4437: $? = 0
configure:4437: result: yes
configure:4437: checking for memory.h
configure:4437: gcc -c -g -O2  conftest.c >&5
configure:4437: $? = 0
configure:4437: result: yes
configure:4437: checking for strings.h
configure:4437: gcc -c -g -O2  conftest.c >&5
configure:4437: $? = 0
configure:4437: result: yes
configure:4437: checking for inttypes.h
configure:4437: gcc -c -g -O2  conftest.c >&5
configure:4437: $? = 0
configure:4437: result: yes
configure:4437: checking for stdint.h
configure:4437: gcc -c -g -O2  conftest.c >&5
configure:4437: $? = 0
configure:4437: result: yes
configure:4437: checking for unistd.h
configure:4437: gcc -c -g -O2  conftest.c >&5
configure:4437: $? = 0
configure:4437: result: yes
configure:4449: checking for stdbool.h that conforms to C99
configure:4534: gcc -c -g -O2  conftest.c >&5
configure:4534: $? = 0
configure:4541: result: yes
configure:4543: checking for _Bool
configure:4543: gcc -c -g -O2  conftest.c >&5
configure:4543: $? = 0
configure:4543: gcc -c -g -O2  conftest.c >&5
conftest.c: In function 'main':
conftest.c:56:20: error: expected expression before ')' token
configure:4543: $? = 1
configure: failed program was:
| /* confdefs.h */
| #define PACKAGE_NAME "my_work"
| #define PACKAGE_TARNAME "my_work"
| #define PACKAGE_VERSION "1.0"
| #define PACKAGE_STRING "my_work 1.0"
| #define PACKAGE_BUGREPORT "kuangrenyx@qq.com"
| #define PACKAGE_URL ""
| #define HAVE_LIBPTHREAD 1
| #define STDC_HEADERS 1
| #define HAVE_SYS_TYPES_H 1
| #define HAVE_SYS_STAT_H 1
| #define HAVE_STDLIB_H 1
| #define HAVE_STRING_H 1
| #define HAVE_MEMORY_H 1
| #define HAVE_STRINGS_H 1
| #define HAVE_INTTYPES_H 1
| #define HAVE_STDINT_H 1
| #define HAVE_UNISTD_H 1
| /* end confdefs.h.  */
| #include <stdio.h>
| #ifdef HAVE_SYS_TYPES_H
| # include <sys/types.h>
| #endif
| #ifdef HAVE_SYS_STAT_H
| # include <sys/stat.h>
| #endif
| #ifdef STDC_HEADERS
| # include <stdlib.h>
| # include <stddef.h>
| #else
| # ifdef HAVE_STDLIB_H
| #  include <stdlib.h>
| # endif
| #endif
| #ifdef HAVE_STRING_H
| # if !defined STDC_HEADERS && defined HAVE_MEMORY_H
| #  include <memory.h>
| # endif
| # include <string.h>
| #endif
| #ifdef HAVE_STRINGS_H
| # include <strings.h>
| #endif
| #ifdef HAVE_INTTYPES_H
| # include <inttypes.h>
| #endif
| #ifdef HAVE_STDINT_H
| # include <stdint.h>
| #endif
| #ifdef HAVE_UNISTD_H
| # include <unistd.h>
| #endif
| int
| main ()
| {
| if (sizeof ((_Bool)))
| 	    return 0;
|   ;
|   return 0;
| }
configure:4543: result: yes
configure:4560: checking for inline
configure:4576: gcc -c -g -O2  conftest.c >&5
configure:4576: $? = 0
configure:4584: result: inline
configure:4603: checking for size_t
configure:4603: gcc -c -g -O2  conftest.c >&5
configure:4603: $? = 0
configure:4603: gcc -c -g -O2  conftest.c >&5
conftest.c: In function 'main':
conftest.c:58:21: error: expected expression before ')' token
configure:4603: $? = 1
configure: failed program was:
| /* confdefs.h */
| #define PACKAGE_NAME "my_work"
| #define PACKAGE_TARNAME "my_work"
| #define PACKAGE_VERSION "1.0"
| #define PACKAGE_STRING "my_work 1.0"
| #define PACKAGE_BUGREPORT "kuangrenyx@qq.com"
| #define PACKAGE_URL ""
| #define HAVE_LIBPTHREAD 1
| #define STDC_HEADERS 1
| #define HAVE_SYS_TYPES_H 1
| #define HAVE_SYS_STAT_H 1
| #define HAVE_STDLIB_H 1
| #define HAVE_STRING_H 1
| #define HAVE_MEMORY_H 1
| #define HAVE_STRINGS_H 1
| #define HAVE_INTTYPES_H 1
| #define HAVE_STDINT_H 1
| #define HAVE_UNISTD_H 1
| #define HAVE__BOOL 1
| #define HAVE_STDBOOL_H 1
| /* end confdefs.h.  */
| #include <stdio.h>
| #ifdef HAVE_SYS_TYPES_H
| # include <sys/types.h>
| #endif
| #ifdef HAVE_SYS_STAT_H
| # include <sys/stat.h>
| #endif
| #ifdef STDC_HEADERS
| # include <stdlib.h>
| # include <stddef.h>
| #else
| # ifdef HAVE_STDLIB_H
| #  include <stdlib.h>
| # endif
| #endif
| #ifdef HAVE_STRING_H
| # if !defined STDC_HEADERS && defined HAVE_MEMORY_H
| #  include <memory.h>
| # endif
| # include <string.h>
| #endif
| #ifdef HAVE_STRINGS_H
| # include <strings.h>
| #endif
| #ifdef HAVE_INTTYPES_H
| # include <inttypes.h>
| #endif
| #ifdef HAVE_STDINT_H
| # include <stdint.h>
| #endif
| #ifdef HAVE_UNISTD_H
| # include <unistd.h>
| #endif
| int
| main ()
| {
| if (sizeof ((size_t)))
| 	    return 0;
|   ;
|   return 0;
| }
configure:4603: result: yes
configure:4619: checking X usability
configure:4619: gcc -c -g -O2  conftest.c >&5
conftest.c:55:13: fatal error: X: No such file or directory
compilation terminated.
configure:4619: $? = 1
configure: failed program was:
| /* confdefs.h */
| #define PACKAGE_NAME "my_work"
| #define PACKAGE_TARNAME "my_work"
| #define PACKAGE_VERSION "1.0"
| #define PACKAGE_STRING "my_work 1.0"
| #define PACKAGE_BUGREPORT "kuangrenyx@qq.com"
| #define PACKAGE_URL ""
| #define HAVE_LIBPTHREAD 1
| #define STDC_HEADERS 1
| #define HAVE_SYS_TYPES_H 1
| #define HAVE_SYS_STAT_H 1
| #define HAVE_STDLIB_H 1
| #define HAVE_STRING_H 1
| #define HAVE_MEMORY_H 1
| #define HAVE_STRINGS_H 1
| #define HAVE_INTTYPES_H 1
| #define HAVE_STDINT_H 1
| #define HAVE_UNISTD_H 1
| #define HAVE__BOOL 1
| #define HAVE_STDBOOL_H 1
| /* end confdefs.h.  */
| #include <stdio.h>
| #ifdef HAVE_SYS_TYPES_H
| # include <sys/types.h>
| #endif
| #ifdef HAVE_SYS_STAT_H
| # include <sys/stat.h>
| #endif
| #ifdef STDC_HEADERS
| # include <stdlib.h>
| # include <stddef.h>
| #else
| # ifdef HAVE_STDLIB_H
| #  include <stdlib.h>
| # endif
| #endif
| #ifdef HAVE_STRING_H
| # if !defined STDC_HEADERS && defined HAVE_MEMORY_H
| #  include <memory.h>
| # endif
| # include <string.h>
| #endif
| #ifdef HAVE_STRINGS_H
| # include <strings.h>
| #endif
| #ifdef HAVE_INTTYPES_H
| # include <inttypes.h>
| #endif
| #ifdef HAVE_STDINT_H
| # include <stdint.h>
| #endif
| #ifdef HAVE_UNISTD_H
| # include <unistd.h>
| #endif
| #include <X>
configure:4619: result: no
configure:4619: checking X presence
configure:4619: gcc -E  conftest.c
conftest.c:22:13: fatal error: X: No such file or directory
compilation terminated.
configure:4619: $? = 1
configure: failed program was:
| /* confdefs.h */
| #define PACKAGE_NAME "my_work"
| #define PACKAGE_TARNAME "my_work"
| #define PACKAGE_VERSION "1.0"
| #define PACKAGE_STRING "my_work 1.0"
| #define PACKAGE_BUGREPORT "kuangrenyx@qq.com"
| #define PACKAGE_URL ""
| #define HAVE_LIBPTHREAD 1
| #define STDC_HEADERS 1
| #define HAVE_SYS_TYPES_H 1
| #define HAVE_SYS_STAT_H 1
| #define HAVE_STDLIB_H 1
| #define HAVE_STRING_H 1
| #define HAVE_MEMORY_H 1
| #define HAVE_STRINGS_H 1
| #define HAVE_INTTYPES_H 1
| #define HAVE_STDINT_H 1
| #define HAVE_UNISTD_H 1
| #define HAVE__BOOL 1
| #define HAVE_STDBOOL_H 1
| /* end confdefs.h.  */
| #include <X>
configure:4619: result: no
configure:4619: checking for X
configure:4619: result: no
configure:4619: checking $CXX usability
configure:4619: gcc -c -g -O2  conftest.c >&5
conftest.c:55:16: fatal error: $CXX: No such file or directory
compilation terminated.
configure:4619: $? = 1
configure: failed program was:
| /* confdefs.h */
| #define PACKAGE_NAME "my_work"
| #define PACKAGE_TARNAME "my_work"
| #define PACKAGE_VERSION "1.0"
| #define PACKAGE_STRING "my_work 1.0"
| #define PACKAGE_BUGREPORT "kuangrenyx@qq.com"
| #define PACKAGE_URL ""
| #define HAVE_LIBPTHREAD 1
| #define STDC_HEADERS 1
| #define HAVE_SYS_TYPES_H 1
| #define HAVE_SYS_STAT_H 1
| #define HAVE_STDLIB_H 1
| #define HAVE_STRING_H 1
| #define HAVE_MEMORY_H 1
| #define HAVE_STRINGS_H 1
| #define HAVE_INTTYPES_H 1
| #define HAVE_STDINT_H 1
| #define HAVE_UNISTD_H 1
| #define HAVE__BOOL 1
| #define HAVE_STDBOOL_H 1
| /* end confdefs.h.  */
| #include <stdio.h>
| #ifdef HAVE_SYS_TYPES_H
| # include <sys/types.h>
| #endif
| #ifdef HAVE_SYS_STAT_H
| # include <sys/stat.h>
| #endif
| #ifdef STDC_HEADERS
| # include <stdlib.h>
| # include <stddef.h>
| #else
| # ifdef HAVE_STDLIB_H
| #  include <stdlib.h>
| # endif
| #endif
| #ifdef HAVE_STRING_H
| # if !defined STDC_HEADERS && defined HAVE_MEMORY_H
| #  include <memory.h>
| # endif
| # include <string.h>
| #endif
| #ifdef HAVE_STRINGS_H
| # include <strings.h>
| #endif
| #ifdef HAVE_INTTYPES_H
| # include <inttypes.h>
| #endif
| #ifdef HAVE_STDINT_H
| # include <stdint.h>
| #endif
| #ifdef HAVE_UNISTD_H
| # include <unistd.h>
| #endif
| #include <$CXX>
configure:4619: result: no
configure:4619: checking $CXX presence
configure:4619: gcc -E  conftest.c
conftest.c:22:16: fatal error: $CXX: No such file or directory
compilation terminated.
configure:4619: $? = 1
configure: failed program was:
| /* confdefs.h */
| #define PACKAGE_NAME "my_work"
| #define PACKAGE_TARNAME "my_work"
| #define PACKAGE_VERSION "1.0"
| #define PACKAGE_STRING "my_work 1.0"
| #define PACKAGE_BUGREPORT "kuangrenyx@qq.com"
| #define PACKAGE_URL ""
| #define HAVE_LIBPTHREAD 1
| #define STDC_HEADERS 1
| #define HAVE_SYS_TYPES_H 1
| #define HAVE_SYS_STAT_H 1
| #define HAVE_STDLIB_H 1
| #define HAVE_STRING_H 1
| #define HAVE_MEMORY_H 1
| #define HAVE_STRINGS_H 1
| #define HAVE_INTTYPES_H 1
| #define HAVE_STDINT_H 1
| #define HAVE_UNISTD_H 1
| #define HAVE__BOOL 1
| #define HAVE_STDBOOL_H 1
| /* end confdefs.h.  */
| #include <$CXX>
configure:4619: result: no
configure:4619: checking for $CXX
configure:4619: result: no
configure:4619: checking -c usability
configure:4619: gcc -c -g -O2  conftest.c >&5
conftest.c:55:14: fatal error: -c: No such file or directory
compilation terminated.
configure:4619: $? = 1
configure: failed program was:
| /* confdefs.h */
| #define PACKAGE_NAME "my_work"
| #define PACKAGE_TARNAME "my_work"
| #define PACKAGE_VERSION "1.0"
| #define PACKAGE_STRING "my_work 1.0"
| #define PACKAGE_BUGREPORT "kuangrenyx@qq.com"
| #define PACKAGE_URL ""
| #define HAVE_LIBPTHREAD 1
| #define STDC_HEADERS 1
| #define HAVE_SYS_TYPES_H 1
| #define HAVE_SYS_STAT_H 1
| #define HAVE_STDLIB_H 1
| #define HAVE_STRING_H 1
| #define HAVE_MEMORY_H 1
| #define HAVE_STRINGS_H 1
| #define HAVE_INTTYPES_H 1
| #define HAVE_STDINT_H 1
| #define HAVE_UNISTD_H 1
| #define HAVE__BOOL 1
| #define HAVE_STDBOOL_H 1
| /* end confdefs.h.  */
| #include <stdio.h>
| #ifdef HAVE_SYS_TYPES_H
| # include <sys/types.h>
| #endif
| #ifdef HAVE_SYS_STAT_H
| # include <sys/stat.h>
| #endif
| #ifdef STDC_HEADERS
| # include <stdlib.h>
| # include <stddef.h>
| #else
| # ifdef HAVE_STDLIB_H
| #  include <stdlib.h>
| # endif
| #endif
| #ifdef HAVE_STRING_H
| # if !defined STDC_HEADERS && defined HAVE_MEMORY_H
| #  include <memory.h>
| # endif
| # include <string.h>
| #endif
| #ifdef HAVE_STRINGS_H
| # include <strings.h>
| #endif
| #ifdef HAVE_INTTYPES_H
| # include <inttypes.h>
| #endif
| #ifdef HAVE_STDINT_H
| # include <stdint.h>
| #endif
| #ifdef HAVE_UNISTD_H
| # include <unistd.h>
| #endif
| #include <-c>
configure:4619: result: no
configure:4619: checking -c presence
configure:4619: gcc -E  conftest.c
conftest.c:22:14: fatal error: -c: No such file or directory
compilation terminated.
configure:4619: $? = 1
configure: failed program was:
| /* confdefs.h */
| #define PACKAGE_NAME "my_work"
| #define PACKAGE_TARNAME "my_work"
| #define PACKAGE_VERSION "1.0"
| #define PACKAGE_STRING "my_work 1.0"
| #define PACKAGE_BUGREPORT "kuangrenyx@qq.com"
| #define PACKAGE_URL ""
| #define HAVE_LIBPTHREAD 1
| #define STDC_HEADERS 1
| #define HAVE_SYS_TYPES_H 1
| #define HAVE_SYS_STAT_H 1
| #define HAVE_STDLIB_H 1
| #define HAVE_STRING_H 1
| #define HAVE_MEMORY_H 1
| #define HAVE_STRINGS_H 1
| #define HAVE_INTTYPES_H 1
| #define HAVE_STDINT_H 1
| #define HAVE_UNISTD_H 1
| #define HAVE__BOOL 1
| #define HAVE_STDBOOL_H 1
| /* end confdefs.h.  */
| #include <-c>
configure:4619: result: no
configure:4619: checking for -c
configure:4619: result: no
configure:4619: checking $CXXFLAGS usability
configure:4619: gcc -c -g -O2  conftest.c >&5
conftest.c:55:21: fatal error: $CXXFLAGS: No such file or directory
compilation terminated.
configure:4619: $? = 1
configure: failed program was:
| /* confdefs.h */
| #define PACKAGE_NAME "my_work"
| #define PACKAGE_TARNAME "my_work"
| #define PACKAGE_VERSION "1.0"
| #define PACKAGE_STRING "my_work 1.0"
| #define PACKAGE_BUGREPORT "kuangrenyx@qq.com"
| #define PACKAGE_URL ""
| #define HAVE_LIBPTHREAD 1
| #define STDC_HEADERS 1
| #define HAVE_SYS_TYPES_H 1
| #define HAVE_SYS_STAT_H 1
| #define HAVE_STDLIB_H 1
| #define HAVE_STRING_H 1
| #define HAVE_MEMORY_H 1
| #define HAVE_STRINGS_H 1
| #define HAVE_INTTYPES_H 1
| #define HAVE_STDINT_H 1
| #define HAVE_UNISTD_H 1
| #define HAVE__BOOL 1
| #define HAVE_STDBOOL_H 1
| /* end confdefs.h.  */
| #include <stdio.h>
| #ifdef HAVE_SYS_TYPES_H
| # include <sys/types.h>
| #endif
| #ifdef HAVE_SYS_STAT_H
| # include <sys/stat.h>
| #endif
| #ifdef STDC_HEADERS
| # include <stdlib.h>
| # include <stddef.h>
| #else
| # ifdef HAVE_STDLIB_H
| #  include <stdlib.h>
| # endif
| #endif
| #ifdef HAVE_STRING_H
| # if !defined STDC_HEADERS && defined HAVE_MEMORY_H
| #  include <memory.h>
| # endif
| # include <string.h>
| #endif
| #ifdef HAVE_STRINGS_H
| # include <strings.h>
| #endif
| #ifdef HAVE_INTTYPES_H
| # include <inttypes.h>
| #endif
| #ifdef HAVE_STDINT_H
| # include <stdint.h>
| #endif
| #ifdef HAVE_UNISTD_H
| # include <unistd.h>
| #endif
| #include <$CXXFLAGS>
configure:4619: result: no
configure:4619: checking $CXXFLAGS presence
configure:4619: gcc -E  conftest.c
conftest.c:22:21: fatal error: $CXXFLAGS: No such file or directory
compilation terminated.
configure:4619: $? = 1
configure: failed program was:
| /* confdefs.h */
| #define PACKAGE_NAME "my_work"
| #define PACKAGE_TARNAME "my_work"
| #define PACKAGE_VERSION "1.0"
| #define PACKAGE_STRING "my_work 1.0"
| #define PACKAGE_BUGREPORT "kuangrenyx@qq.com"
| #define PACKAGE_URL ""
| #define HAVE_LIBPTHREAD 1
| #define STDC_HEADERS 1
| #define HAVE_SYS_TYPES_H 1
| #define HAVE_SYS_STAT_H 1
| #define HAVE_STDLIB_H 1
| #define HAVE_STRING_H 1
| #define HAVE_MEMORY_H 1
| #define HAVE_STRINGS_H 1
| #define HAVE_INTTYPES_H 1
| #define HAVE_STDINT_H 1
| #define HAVE_UNISTD_H 1
| #define HAVE__BOOL 1
| #define HAVE_STDBOOL_H 1
| /* end confdefs.h.  */
| #include <$CXXFLAGS>
configure:4619: result: no
configure:4619: checking for $CXXFLAGS
configure:4619: result: no
configure:4619: checking $CPPFLAGS usability
configure:4619: gcc -c -g -O2  conftest.c >&5
conftest.c:55:21: fatal error: $CPPFLAGS: No such file or directory
compilation terminated.
configure:4619: $? = 1
configure: failed program was:
| /* confdefs.h */
| #define PACKAGE_NAME "my_work"
| #define PACKAGE_TARNAME "my_work"
| #define PACKAGE_VERSION "1.0"
| #define PACKAGE_STRING "my_work 1.0"
| #define PACKAGE_BUGREPORT "kuangrenyx@qq.com"
| #define PACKAGE_URL ""
| #define HAVE_LIBPTHREAD 1
| #define STDC_HEADERS 1
| #define HAVE_SYS_TYPES_H 1
| #define HAVE_SYS_STAT_H 1
| #define HAVE_STDLIB_H 1
| #define HAVE_STRING_H 1
| #define HAVE_MEMORY_H 1
| #define HAVE_STRINGS_H 1
| #define HAVE_INTTYPES_H 1
| #define HAVE_STDINT_H 1
| #define HAVE_UNISTD_H 1
| #define HAVE__BOOL 1
| #define HAVE_STDBOOL_H 1
| /* end confdefs.h.  */
| #include <stdio.h>
| #ifdef HAVE_SYS_TYPES_H
| # include <sys/types.h>
| #endif
| #ifdef HAVE_SYS_STAT_H
| # include <sys/stat.h>
| #endif
| #ifdef STDC_HEADERS
| # include <stdlib.h>
| # include <stddef.h>
| #else
| # ifdef HAVE_STDLIB_H
| #  include <stdlib.h>
| # endif
| #endif
| #ifdef HAVE_STRING_H
| # if !defined STDC_HEADERS && defined HAVE_MEMORY_H
| #  include <memory.h>
| # endif
| # include <string.h>
| #endif
| #ifdef HAVE_STRINGS_H
| # include <strings.h>
| #endif
| #ifdef HAVE_INTTYPES_H
| # include <inttypes.h>
| #endif
| #ifdef HAVE_STDINT_H
| # include <stdint.h>
| #endif
| #ifdef HAVE_UNISTD_H
| # include <unistd.h>
| #endif
| #include <$CPPFLAGS>
configure:4619: result: no
configure:4619: checking $CPPFLAGS presence
configure:4619: gcc -E  conftest.c
conftest.c:22:21: fatal error: $CPPFLAGS: No such file or directory
compilation terminated.
configure:4619: $? = 1
configure: failed program was:
| /* confdefs.h */
| #define PACKAGE_NAME "my_work"
| #define PACKAGE_TARNAME "my_work"
| #define PACKAGE_VERSION "1.0"
| #define PACKAGE_STRING "my_work 1.0"
| #define PACKAGE_BUGREPORT "kuangrenyx@qq.com"
| #define PACKAGE_URL ""
| #define HAVE_LIBPTHREAD 1
| #define STDC_HEADERS 1
| #define HAVE_SYS_TYPES_H 1
| #define HAVE_SYS_STAT_H 1
| #define HAVE_STDLIB_H 1
| #define HAVE_STRING_H 1
| #define HAVE_MEMORY_H 1
| #define HAVE_STRINGS_H 1
| #define HAVE_INTTYPES_H 1
| #define HAVE_STDINT_H 1
| #define HAVE_UNISTD_H 1
| #define HAVE__BOOL 1
| #define HAVE_STDBOOL_H 1
| /* end confdefs.h.  */
| #include <$CPPFLAGS>
configure:4619: result: no
configure:4619: checking for $CPPFLAGS
configure:4619: result: no
configure:4619: checking conftest.$ac_ext usability
configure:4619: gcc -c -g -O2  conftest.c >&5
conftest.c:55:28: fatal error: conftest.$ac_ext: No such file or directory
compilation terminated.
configure:4619: $? = 1
configure: failed program was:
| /* confdefs.h */
| #define PACKAGE_NAME "my_work"
| #define PACKAGE_TARNAME "my_work"
| #define PACKAGE_VERSION "1.0"
| #define PACKAGE_STRING "my_work 1.0"
| #define PACKAGE_BUGREPORT "kuangrenyx@qq.com"
| #define PACKAGE_URL ""
| #define HAVE_LIBPTHREAD 1
| #define STDC_HEADERS 1
| #define HAVE_SYS_TYPES_H 1
| #define HAVE_SYS_STAT_H 1
| #define HAVE_STDLIB_H 1
| #define HAVE_STRING_H 1
| #define HAVE_MEMORY_H 1
| #define HAVE_STRINGS_H 1
| #define HAVE_INTTYPES_H 1
| #define HAVE_STDINT_H 1
| #define HAVE_UNISTD_H 1
| #define HAVE__BOOL 1
| #define HAVE_STDBOOL_H 1
| /* end confdefs.h.  */
| #include <stdio.h>
| #ifdef HAVE_SYS_TYPES_H
| # include <sys/types.h>
| #endif
| #ifdef HAVE_SYS_STAT_H
| # include <sys/stat.h>
| #endif
| #ifdef STDC_HEADERS
| # include <stdlib.h>
| # include <stddef.h>
| #else
| # ifdef HAVE_STDLIB_H
| #  include <stdlib.h>
| # endif
| #endif
| #ifdef HAVE_STRING_H
| # if !defined STDC_HEADERS && defined HAVE_MEMORY_H
| #  include <memory.h>
| # endif
| # include <string.h>
| #endif
| #ifdef HAVE_STRINGS_H
| # include <strings.h>
| #endif
| #ifdef HAVE_INTTYPES_H
| # include <inttypes.h>
| #endif
| #ifdef HAVE_STDINT_H
| # include <stdint.h>
| #endif
| #ifdef HAVE_UNISTD_H
| # include <unistd.h>
| #endif
| #include <conftest.$ac_ext>
configure:4619: result: no
configure:4619: checking conftest.$ac_ext presence
configure:4619: gcc -E  conftest.c
conftest.c:22:28: fatal error: conftest.$ac_ext: No such file or directory
compilation terminated.
configure:4619: $? = 1
configure: failed program was:
| /* confdefs.h */
| #define PACKAGE_NAME "my_work"
| #define PACKAGE_TARNAME "my_work"
| #define PACKAGE_VERSION "1.0"
| #define PACKAGE_STRING "my_work 1.0"
| #define PACKAGE_BUGREPORT "kuangrenyx@qq.com"
| #define PACKAGE_URL ""
| #define HAVE_LIBPTHREAD 1
| #define STDC_HEADERS 1
| #define HAVE_SYS_TYPES_H 1
| #define HAVE_SYS_STAT_H 1
| #define HAVE_STDLIB_H 1
| #define HAVE_STRING_H 1
| #define HAVE_MEMORY_H 1
| #define HAVE_STRINGS_H 1
| #define HAVE_INTTYPES_H 1
| #define HAVE_STDINT_H 1
| #define HAVE_UNISTD_H 1
| #define HAVE__BOOL 1
| #define HAVE_STDBOOL_H 1
| /* end confdefs.h.  */
| #include <conftest.$ac_ext>
configure:4619: result: no
configure:4619: checking for conftest.$ac_ext
configure:4619: result: no
configure:4619: checking >&5 usability
configure:4619: gcc -c -g -O2  conftest.c >&5
conftest.c:55:12: warning: extra tokens at end of #include directive
conftest.c:55:10: error: empty filename in #include
configure:4619: $? = 1
configure: failed program was:
| /* confdefs.h */
| #define PACKAGE_NAME "my_work"
| #define PACKAGE_TARNAME "my_work"
| #define PACKAGE_VERSION "1.0"
| #define PACKAGE_STRING "my_work 1.0"
| #define PACKAGE_BUGREPORT "kuangrenyx@qq.com"
| #define PACKAGE_URL ""
| #define HAVE_LIBPTHREAD 1
| #define STDC_HEADERS 1
| #define HAVE_SYS_TYPES_H 1
| #define HAVE_SYS_STAT_H 1
| #define HAVE_STDLIB_H 1
| #define HAVE_STRING_H 1
| #define HAVE_MEMORY_H 1
| #define HAVE_STRINGS_H 1
| #define HAVE_INTTYPES_H 1
| #define HAVE_STDINT_H 1
| #define HAVE_UNISTD_H 1
| #define HAVE__BOOL 1
| #define HAVE_STDBOOL_H 1
| /* end confdefs.h.  */
| #include <stdio.h>
| #ifdef HAVE_SYS_TYPES_H
| # include <sys/types.h>
| #endif
| #ifdef HAVE_SYS_STAT_H
| # include <sys/stat.h>
| #endif
| #ifdef STDC_HEADERS
| # include <stdlib.h>
| # include <stddef.h>
| #else
| # ifdef HAVE_STDLIB_H
| #  include <stdlib.h>
| # endif
| #endif
| #ifdef HAVE_STRING_H
| # if !defined STDC_HEADERS && defined HAVE_MEMORY_H
| #  include <memory.h>
| # endif
| # include <string.h>
| #endif
| #ifdef HAVE_STRINGS_H
| # include <strings.h>
| #endif
| #ifdef HAVE_INTTYPES_H
| # include <inttypes.h>
| #endif
| #ifdef HAVE_STDINT_H
| # include <stdint.h>
| #endif
| #ifdef HAVE_UNISTD_H
| # include <unistd.h>
| #endif
| #include <>&5>
configure:4619: result: no
configure:4619: checking >&5 presence
configure:4619: gcc -E  conftest.c
conftest.c:22:12: warning: extra tokens at end of #include directive
conftest.c:22:10: error: empty filename in #include
configure:4619: $? = 1
configure: failed program was:
| /* confdefs.h */
| #define PACKAGE_NAME "my_work"
| #define PACKAGE_TARNAME "my_work"
| #define PACKAGE_VERSION "1.0"
| #define PACKAGE_STRING "my_work 1.0"
| #define PACKAGE_BUGREPORT "kuangrenyx@qq.com"
| #define PACKAGE_URL ""
| #define HAVE_LIBPTHREAD 1
| #define STDC_HEADERS 1
| #define HAVE_SYS_TYPES_H 1
| #define HAVE_SYS_STAT_H 1
| #define HAVE_STDLIB_H 1
| #define HAVE_STRING_H 1
| #define HAVE_MEMORY_H 1
| #define HAVE_STRINGS_H 1
| #define HAVE_INTTYPES_H 1
| #define HAVE_STDINT_H 1
| #define HAVE_UNISTD_H 1
| #define HAVE__BOOL 1
| #define HAVE_STDBOOL_H 1
| /* end confdefs.h.  */
| #include <>&5>
configure:4619: result: no
configure:4619: checking for >&5
configure:4619: result: no
configure:4673: checking for ranlib
configure:4689: found /usr/bin/ranlib
configure:4700: result: ranlib
configure:4849: creating ./config.status

## ---------------------- ##
## Running config.status. ##
## ---------------------- ##

This file was extended by my_work config.status 1.0, which was
generated by GNU Autoconf 2.67.  Invocation command line was

  CONFIG_FILES    = 
  CONFIG_HEADERS  = 
  CONFIG_LINKS    = 
  CONFIG_COMMANDS = 
  $ ./config.status 

on ubuntu

config.status:869: creating Makefile
config.status:869: creating src/Makefile
config.status:869: creating test/Makefile
config.status:869: creating misc/www/Makefile
config.status:869: creating misc/mod/Makefile
config.status:869: creating dir/Makefile
config.status:869: creating config.h
config.status:1049: config.h is unchanged
config.status:1097: executing depfiles commands

## ---------------- ##
## Cache variables. ##
## ---------------- ##

ac_cv_c_compiler_gnu=yes
ac_cv_c_inline=inline
ac_cv_cxx_compiler_gnu=yes
ac_cv_env_CCC_set=
ac_cv_env_CCC_value=
ac_cv_env_CC_set=
ac_cv_env_CC_value=
ac_cv_env_CFLAGS_set=
ac_cv_env_CFLAGS_value=
ac_cv_env_CPPFLAGS_set=
ac_cv_env_CPPFLAGS_value=
ac_cv_env_CPP_set=
ac_cv_env_CPP_value=
ac_cv_env_CXXFLAGS_set=
ac_cv_env_CXXFLAGS_value=
ac_cv_env_CXX_set=
ac_cv_env_CXX_value=
ac_cv_env_LDFLAGS_set=
ac_cv_env_LDFLAGS_value=
ac_cv_env_LIBS_set=
ac_cv_env_LIBS_value=
ac_cv_env_build_alias_set=
ac_cv_env_build_alias_value=
ac_cv_env_host_alias_set=
ac_cv_env_host_alias_value=
ac_cv_env_target_alias_set=
ac_cv_env_target_alias_value=
ac_cv_header_X=no
ac_cv_header__CPPFLAGS=no
ac_cv_header__CXX=no
ac_cv_header__CXXFLAGS=no
ac_cv_header___5=no
ac_cv_header__c=no
ac_cv_header_conftest__ac_ext=no
ac_cv_header_inttypes_h=yes
ac_cv_header_memory_h=yes
ac_cv_header_stdbool_h=yes
ac_cv_header_stdc=yes
ac_cv_header_stdint_h=yes
ac_cv_header_stdlib_h=yes
ac_cv_header_string_h=yes
ac_cv_header_strings_h=yes
ac_cv_header_sys_stat_h=yes
ac_cv_header_sys_types_h=yes
ac_cv_header_unistd_h=yes
ac_cv_lib_pthread_main=yes
ac_cv_objext=o
ac_cv_path_EGREP='/bin/grep -E'
ac_cv_path_GREP=/bin/grep
ac_cv_path_install='/usr/bin/install -c'
ac_cv_path_mkdir=/bin/mkdir
ac_cv_prog_AWK=mawk
ac_cv_prog_CPP='gcc -E'
ac_cv_prog_ac_ct_CC=gcc
ac_cv_prog_ac_ct_CXX=g++
ac_cv_prog_ac_ct_RANLIB=ranlib
ac_cv_prog_cc_c89=
ac_cv_prog_cc_g=yes
ac_cv_prog_cxx_g=yes
ac_cv_prog_make_make_set=yes
ac_cv_type__Bool=yes
ac_cv_type_size_t=yes
am_cv_CC_dependencies_compiler_type=gcc3
am_cv_CXX_dependencies_compiler_type=gcc3

## ----------------- ##
## Output variables. ##
## ----------------- ##

ACLOCAL='${SHELL} /home/hadoop/mpi/my_work_backup_stringmatch/my_work_wordcount/my_work/missing --run aclocal-1.11'
AMDEPBACKSLASH='\'
AMDEP_FALSE='#'
AMDEP_TRUE=''
AMTAR='${SHELL} /home/hadoop/mpi/my_work_backup_stringmatch/my_work_wordcount/my_work/missing --run tar'
AUTOCONF='${SHELL} /home/hadoop/mpi/my_work_backup_stringmatch/my_work_wordcount/my_work/missing --run autoconf'
AUTOHEADER='${SHELL} /home/hadoop/mpi/my_work_backup_stringmatch/my_work_wordcount/my_work/missing --run autoheader'
AUTOMAKE='${SHELL} /home/hadoop/mpi/my_work_backup_stringmatch/my_work_wordcount/my_work/missing --run automake-1.11'
AWK='mawk'
CC='gcc'
CCDEPMODE='depmode=gcc3'
CFLAGS='-g -O2'
CPP='gcc -E'
CPPFLAGS=''
CXX='g++'
CXXDEPMODE='depmode=gcc3'
CXXFLAGS='-g -O2'
CYGPATH_W='echo'
DEFS='-DHAVE_CONFIG_H'
DEPDIR='.deps'
ECHO_C=''
ECHO_N='-n'
ECHO_T=''
EGREP='/bin/grep -E'
EXEEXT=''
GREP='/bin/grep'
INSTALL_DATA='${INSTALL} -m 644'
INSTALL_PROGRAM='${INSTALL}'
INSTALL_SCRIPT='${INSTALL}'
INSTALL_STRIP_PROGRAM='$(install_sh) -c -s'
LDFLAGS=''
LIBOBJS=''
LIBS='-lpthread '
LTLIBOBJS=''
MAKEINFO='${SHELL} /home/hadoop/mpi/my_work_backup_stringmatch/my_work_wordcount/my_work/missing --run makeinfo'
MKDIR_P='/bin/mkdir -p'
OBJEXT='o'
PACKAGE='my_work'
PACKAGE_BUGREPORT='kuangrenyx@qq.com'
PACKAGE_NAME='my_work'
PACKAGE_STRING='my_work 1.0'
PACKAGE_TARNAME='my_work'
PACKAGE_URL=''
PACKAGE_VERSION='1.0'
PATH_SEPARATOR=':'
RANLIB='ranlib'
SET_MAKE=''
SHELL='/bin/sh'
STRIP=''
VERSION='1.0'
ac_ct_CC='gcc'
ac_ct_CXX='g++'
am__EXEEXT_FALSE=''
am__EXEEXT_TRUE='#'
am__fastdepCC_FALSE='#'
am__fastdepCC_TRUE=''
am__fastdepCXX_FALSE='#'
am__fastdepCXX_TRUE=''
am__include='include'
am__isrc=''
am__leading_dot='.'
am__quote=''
am__tar='${AMTAR} chof - "$$tardir"'
am__untar='${AMTAR} xf -'
bindir='${exec_prefix}/bin'
build_alias=''
datadir='${datarootdir}'
datarootdir='${prefix}/share'
docdir='${datarootdir}/doc/${PACKAGE_TARNAME}'
dvidir='${docdir}'
exec_prefix='${prefix}'
host_alias=''
htmldir='${docdir}'
includedir='${prefix}/include'
infodir='${datarootdir}/info'
install_sh='${SHELL} /home/hadoop/mpi/my_work_backup_stringmatch/my_work_wordcount/my_work/install-sh'
libdir='${exec_prefix}/lib'
libexecdir='${exec_prefix}/libexec'
localedir='${datarootdir}/locale'
localstatedir='${prefix}/var'
mandir='${datarootdir}/man'
mkdir_p='/bin/mkdir -p'
oldincludedir='/usr/include'
pdfdir='${docdir}'
prefix=''
program_transform_name='s,x,x,'
psdir='${docdir}'
sbindir='${exec_prefix}/sbin'
sharedstatedir='${prefix}/com'
sysconfdir='${prefix}/etc'
target_alias=''

## ----------- ##
## confdefs.h. ##
## ----------- ##

/* confdefs.h */
#define PACKAGE_NAME "my_work"
#define PACKAGE_TARNAME "my_work"
#define PACKAGE_VERSION "1.0"
#define PACKAGE_STRING "my_work 1.0"
#define PACKAGE_BUGREPORT "kuangrenyx@qq.com"
#define PACKAGE_URL ""
#define HAVE_LIBPTHREAD 1
#define STDC_HEADERS 1
#define HAVE_SYS_TYPES_H 1
#define HAVE_SYS_STAT_H 1
#define HAVE_STDLIB_H 1
#define HAVE_STRING_H 1
#define HAVE_MEMORY_H 1
#define HAVE_STRINGS_H 1
#define HAVE_INTTYPES_H 1
#define HAVE_STDINT_H 1
#define HAVE_UNISTD_H 1
#define HAVE__BOOL 1
#define HAVE_STDBOOL_H 1

configure: exit 0

## ---------------------- ##
## Running config.status. ##
## ---------------------- ##

This file was extended by my_work config.status 1.0, which was
generated by GNU Autoconf 2.67.  Invocation command line was

  CONFIG_FILES    = 
  CONFIG_HEADERS  = 
  CONFIG_LINKS    = 
  CONFIG_COMMANDS = 
  $ ./config.status config.h

on ubuntu

config.status:869: creating config.h
config.status:1049: config.h is unchanged
